    Finished `dev` profile [unoptimized + debuginfo] target(s) in 4.77s
     Running `target/debug/xtask gate --check`
[1/4] fmt
   ✅ Step 1 (fmt) passed
[2/4] check (warm graph)
    Finished `dev` profile [unoptimized + debuginfo] target(s) in 2.20s
   ✅ Step 2 (check (warm graph)) passed
[3/4] clippy
    Finished `dev` profile [unoptimized + debuginfo] target(s) in 5.00s
   ✅ Step 3 (clippy) passed
[4/4] test (compile-only)
    Finished `test` profile [unoptimized + debuginfo] target(s) in 3.65s
  Executable unittests src/lib.rs (target/debug/deps/tokmd-8acea1f2a52526dd)
  Executable unittests src/bin/tok.rs (target/debug/deps/tok-8447f70c98626d32)
  Executable unittests src/bin/tokmd.rs (target/debug/deps/tokmd-183d63baed87901b)
  Executable tests/analyze_integration.rs (target/debug/deps/analyze_integration-079467e7b02bf772)
  Executable tests/badge_integration.rs (target/debug/deps/badge_integration-4251aa515b7c391e)
  Executable tests/baseline_integration.rs (target/debug/deps/baseline_integration-07ef32cd7935bdf5)
  Executable tests/baseline_w71.rs (target/debug/deps/baseline_w71-4057205fbc22a7ac)
  Executable tests/bdd_analyze_scenarios_w50.rs (target/debug/deps/bdd_analyze_scenarios_w50-d7620e23884a3d9c)
  Executable tests/bdd_diff_scenarios_w50.rs (target/debug/deps/bdd_diff_scenarios_w50-ff0d43addc4bf61c)
  Executable tests/bdd_export_scenarios_w50.rs (target/debug/deps/bdd_export_scenarios_w50-5dfac6b78d175788)
  Executable tests/bdd_lang_scenarios_w50.rs (target/debug/deps/bdd_lang_scenarios_w50-e75596a2f8b80141)
  Executable tests/bdd_module_scenarios_w50.rs (target/debug/deps/bdd_module_scenarios_w50-500f0b4cf3898129)
  Executable tests/bdd_scenarios_w71.rs (target/debug/deps/bdd_scenarios_w71-d6d1a936c66b33c7)
  Executable tests/bdd_scenarios_w75.rs (target/debug/deps/bdd_scenarios_w75-d55685671664f582)
  Executable tests/boundary_verification.rs (target/debug/deps/boundary_verification-f746cab83b84aa65)
  Executable tests/cli_badge_e2e.rs (target/debug/deps/cli_badge_e2e-99c000d2b77dba63)
  Executable tests/cli_completions_e2e.rs (target/debug/deps/cli_completions_e2e-893487b4a3717b60)
  Executable tests/cli_comprehensive.rs (target/debug/deps/cli_comprehensive-d250fd7f3ec825f8)
  Executable tests/cli_determinism_e2e_w54.rs (target/debug/deps/cli_determinism_e2e_w54-4e69c3ee3f68aee6)
  Executable tests/cli_e2e.rs (target/debug/deps/cli_e2e-7ca0cb42cfc954d8)
  Executable tests/cli_e2e_w42.rs (target/debug/deps/cli_e2e_w42-d4ef1a793a5a0775)
  Executable tests/cli_e2e_w58.rs (target/debug/deps/cli_e2e_w58-f7250d4a851709c3)
  Executable tests/cli_e2e_w65.rs (target/debug/deps/cli_e2e_w65-87ba5fae216256f3)
  Executable tests/cli_e2e_w69.rs (target/debug/deps/cli_e2e_w69-301308fb300b3c76)
  Executable tests/cli_error_help_w73.rs (target/debug/deps/cli_error_help_w73-4aeff467337cda26)
  Executable tests/cli_error_paths_w51.rs (target/debug/deps/cli_error_paths_w51-81f91a397abad1e2)
  Executable tests/cli_errors_w66.rs (target/debug/deps/cli_errors_w66-47abc7831ab22b3b)
  Executable tests/cli_init_e2e.rs (target/debug/deps/cli_init_e2e-3bdb3e981edd8c89)
  Executable tests/cli_output_formats.rs (target/debug/deps/cli_output_formats-25f41315935da54d)
  Executable tests/cli_output_formats_w66.rs (target/debug/deps/cli_output_formats_w66-166535596f84977d)
  Executable tests/cli_pipeline_e2e_w54.rs (target/debug/deps/cli_pipeline_e2e_w54-aeb92395d7a4b7d0)
  Executable tests/cli_scan_options_w66.rs (target/debug/deps/cli_scan_options_w66-f3cb7bb3b5243f04)
  Executable tests/cli_snapshot_golden.rs (target/debug/deps/cli_snapshot_golden-ec17158d82735474)
  Executable tests/cli_tools_e2e.rs (target/debug/deps/cli_tools_e2e-3cae7a1d8dbf2356)
  Executable tests/cockpit_cli_w71.rs (target/debug/deps/cockpit_cli_w71-229bd604da990338)
  Executable tests/cockpit_cli_w75.rs (target/debug/deps/cockpit_cli_w75-0b8ddbb5b3ff85ae)
  Executable tests/cockpit_integration.rs (target/debug/deps/cockpit_integration-14774b0055ecc63f)
  Executable tests/completions_integration.rs (target/debug/deps/completions_integration-f6f68d49960d4fc7)
  Executable tests/config_resolution.rs (target/debug/deps/config_resolution-0b9dfd677f713571)
  Executable tests/context_cli_w73.rs (target/debug/deps/context_cli_w73-1c72f17b672c2902)
  Executable tests/context_e2e.rs (target/debug/deps/context_e2e-0b6c52b67eb3dea5)
  Executable tests/context_handoff_deep.rs (target/debug/deps/context_handoff_deep-f0abf5587c047597)
  Executable tests/context_w71.rs (target/debug/deps/context_w71-a0012c0449e5740d)
  Executable tests/cross_crate_integration_w50.rs (target/debug/deps/cross_crate_integration_w50-085ee427f5959b73)
  Executable tests/cross_crate_w58.rs (target/debug/deps/cross_crate_w58-ce37073433853837)
  Executable tests/cross_crate_w66.rs (target/debug/deps/cross_crate_w66-d06bb7d0aa5f1b32)
  Executable tests/cyclonedx_integration.rs (target/debug/deps/cyclonedx_integration-bc433130937d3c07)
  Executable tests/deep_cli_complex_w48.rs (target/debug/deps/deep_cli_complex_w48-ee1a843295a6831e)
  Executable tests/deep_cli_formats_w49.rs (target/debug/deps/deep_cli_formats_w49-0c6e049d374e8f23)
  Executable tests/deep_context_handoff_w51.rs (target/debug/deps/deep_context_handoff_w51-befd72f4afc78189)
  Executable tests/deep_run_cockpit_w52.rs (target/debug/deps/deep_run_cockpit_w52-41e34ca61c9f1795)
  Executable tests/determinism.rs (target/debug/deps/determinism-f5e8955aa1f2bbea)
  Executable tests/determinism_hardening.rs (target/debug/deps/determinism_hardening-37c1f79b5e846df7)
  Executable tests/determinism_hardening_w51.rs (target/debug/deps/determinism_hardening_w51-2ef8e86a559dfc1b)
  Executable tests/determinism_regression.rs (target/debug/deps/determinism_regression-9eca164873f72f73)
  Executable tests/determinism_w40.rs (target/debug/deps/determinism_w40-2eecdcc56c309098)
  Executable tests/determinism_w70.rs (target/debug/deps/determinism_w70-982333dce9fcd698)
  Executable tests/diff_deep_w77.rs (target/debug/deps/diff_deep_w77-fe77e7ed7a0c41e7)
  Executable tests/diff_w71.rs (target/debug/deps/diff_w71-50152a5226a0b96e)
  Executable tests/docs.rs (target/debug/deps/docs-903032271320f1bc)
  Executable tests/docs_sync_w72.rs (target/debug/deps/docs_sync_w72-02a5217bb345bbb1)
  Executable tests/e2e_extended.rs (target/debug/deps/e2e_extended-ac9132b44a21c206)
  Executable tests/edge_cases_cli_w50.rs (target/debug/deps/edge_cases_cli_w50-cda5658fca8c48b4)
  Executable tests/error_handling.rs (target/debug/deps/error_handling-db0ca360accf4856)
  Executable tests/error_handling_w70.rs (target/debug/deps/error_handling_w70-c2070b90ee71b77f)
  Executable tests/feature_gate_cli_w53.rs (target/debug/deps/feature_gate_cli_w53-b4bc4d992d48d69f)
  Executable tests/feature_gates_w71.rs (target/debug/deps/feature_gates_w71-478e68f264cca9b8)
  Executable tests/full_pipeline_w55.rs (target/debug/deps/full_pipeline_w55-051532bbd45f18fa)
  Executable tests/gate_integration.rs (target/debug/deps/gate_integration-82ca4d92971488a8)
  Executable tests/handoff_integration.rs (target/debug/deps/handoff_integration-05728e3c333478ea)
  Executable tests/handoff_w71.rs (target/debug/deps/handoff_w71-e74feb7bfb81f118)
  Executable tests/init_cli_w76.rs (target/debug/deps/init_cli_w76-a5d83475479945c3)
  Executable tests/integration.rs (target/debug/deps/integration-de70e564737228fb)
  Executable tests/integration_w40.rs (target/debug/deps/integration_w40-da3a86891f0ea1e9)
  Executable tests/integration_w70.rs (target/debug/deps/integration_w70-2c7c183cf6d05d38)
  Executable tests/json_output.rs (target/debug/deps/json_output-d68fa7a24f6b9a72)
  Executable tests/markdown_output.rs (target/debug/deps/markdown_output-99a6abc675c21918)
  Executable tests/output_formats_w76.rs (target/debug/deps/output_formats_w76-d3f9fd207fae884e)
  Executable tests/properties.rs (target/debug/deps/properties-5a04acbbb55bd348)
  Executable tests/receipt_contracts_w72.rs (target/debug/deps/receipt_contracts_w72-fd30d1beb504277f)
  Executable tests/regression_prevention_w55.rs (target/debug/deps/regression_prevention_w55-a2e51761537b7095)
  Executable tests/regression_suite_w52.rs (target/debug/deps/regression_suite_w52-471dd7e5c77749c9)
  Executable tests/run_diff.rs (target/debug/deps/run_diff-3a2810f71f4502fd)
  Executable tests/schema_doc_sync.rs (target/debug/deps/schema_doc_sync-a077834ddf9ae10c)
  Executable tests/schema_sync.rs (target/debug/deps/schema_sync-4a8ad0022e8c3971)
  Executable tests/schema_validation.rs (target/debug/deps/schema_validation-0967a3a4d449d088)
  Executable tests/sensor_cli_w71.rs (target/debug/deps/sensor_cli_w71-5909d66b05586d86)
  Executable tests/sensor_integration.rs (target/debug/deps/sensor_integration-33d154efceb87c27)
  Executable tests/smoke_e2e.rs (target/debug/deps/smoke_e2e-1b3cc6606ec0e559)
  Executable tests/tok_integration.rs (target/debug/deps/tok_integration-c41b45bbc8927eb7)
  Executable tests/tools_integration.rs (target/debug/deps/tools_integration-b1ce8572e2873523)
  Executable unittests src/lib.rs (target/debug/deps/tokmd_analysis-c78147c054b5f901)
  Executable tests/analysis_deep_w64.rs (target/debug/deps/analysis_deep_w64-3d4b5fa5631585c8)
  Executable tests/analysis_depth_w62.rs (target/debug/deps/analysis_depth_w62-d6346cc480074b35)
  Executable tests/capability_reporting_w53.rs (target/debug/deps/capability_reporting_w53-7726f1d07081c084)
  Executable tests/deep.rs (target/debug/deps/deep-1b1c16ce2b742a8b)
  Executable tests/deep_analysis_w48.rs (target/debug/deps/deep_analysis_w48-56a1ed95d9aee626)
  Executable tests/derived.rs (target/debug/deps/derived-c832b8013961c8fa)
  Executable tests/determinism.rs (target/debug/deps/determinism-0b2df21377bf3784)
  Executable tests/enricher_pipeline.rs (target/debug/deps/enricher_pipeline-1ed3491e1488f060)
  Executable tests/feature_gates_w71.rs (target/debug/deps/feature_gates_w71-e0d8cb6d7c6b2eb8)
  Executable tests/feature_matrix.rs (target/debug/deps/feature_matrix-10b2c5e1b24917ed)
  Executable tests/git.rs (target/debug/deps/git-83a74a69e477a7d2)
  Executable tests/mutant_killers.rs (target/debug/deps/mutant_killers-26e940f7f953e858)
  Executable tests/orchestration.rs (target/debug/deps/orchestration-6c716dbabe5721a7)
  Executable tests/orchestration_w54.rs (target/debug/deps/orchestration_w54-4ad5c370403fef29)
  Executable tests/orchestration_w68.rs (target/debug/deps/orchestration_w68-6f88c4f81208155a)
  Executable tests/orchestration_w73.rs (target/debug/deps/orchestration_w73-908feb49cdfce1c4)
  Executable tests/orchestrator.rs (target/debug/deps/orchestrator-f3bad676da14b585)
  Executable tests/uselesskey_security_pipeline.rs (target/debug/deps/uselesskey_security_pipeline-b4f45d9a50ce021e)
  Executable unittests src/lib.rs (target/debug/deps/tokmd_analysis_api_surface-12b48ed88026a6fa)
  Executable tests/api_surface_depth_w55.rs (target/debug/deps/api_surface_depth_w55-4d689a352c7a5ffc)
  Executable tests/api_surface_depth_w61.rs (target/debug/deps/api_surface_depth_w61-e44f71c69394bcda)
  Executable tests/api_surface_w75.rs (target/debug/deps/api_surface_w75-d4b0ea455ce35c5a)
  Executable tests/bdd.rs (target/debug/deps/bdd-2e0d9c77a00bc6f1)
  Executable tests/deep.rs (target/debug/deps/deep-ada980ff3d2fe763)
  Executable tests/deep_apisurface_w49.rs (target/debug/deps/deep_apisurface_w49-9d6af923fb01aa93)
  Executable tests/deep_coverage.rs (target/debug/deps/deep_coverage-5e453f70e93ad7ab)
  Executable tests/deep_w39.rs (target/debug/deps/deep_w39-1488d9a1dbbb1c18)
  Executable tests/deep_w68.rs (target/debug/deps/deep_w68-11f7dbfc1ab76e7a)
  Executable tests/properties.rs (target/debug/deps/properties-67eaeca14acd9002)
  Executable tests/unit.rs (target/debug/deps/unit-3ceadab83565dec4)
  Executable unittests src/lib.rs (target/debug/deps/tokmd_analysis_archetype-89a862e568cd3668)
  Executable tests/archetype_depth_w55.rs (target/debug/deps/archetype_depth_w55-f50eddaf5598dd0c)
  Executable tests/archetype_depth_w57.rs (target/debug/deps/archetype_depth_w57-ecb47737ffffeeba)
  Executable tests/archetype_depth_w61.rs (target/debug/deps/archetype_depth_w61-7b36bbc936d8addb)
  Executable tests/archetype_w75.rs (target/debug/deps/archetype_w75-3ee6e2d92561f7f8)
  Executable tests/bdd.rs (target/debug/deps/bdd-8e2d85d5ab8a3177)
  Executable tests/deep.rs (target/debug/deps/deep-4b1052aacb30afe1)
  Executable tests/deep_w42.rs (target/debug/deps/deep_w42-701e417ed32ee715)
  Executable tests/deep_w68.rs (target/debug/deps/deep_w68-9155a88655f2c090)
  Executable tests/identity_security.rs (target/debug/deps/identity_security-e5b6a008e87bc6fd)
  Executable tests/properties.rs (target/debug/deps/properties-7e2788cd10dc6cb5)
  Executable tests/unit.rs (target/debug/deps/unit-6624349f40ce7cce)
  Executable unittests src/lib.rs (target/debug/deps/tokmd_analysis_assets-b823c0c041696629)
  Executable tests/assets_deep_w76.rs (target/debug/deps/assets_deep_w76-5436d763bd9d10e0)
  Executable tests/assets_depth_w57.rs (target/debug/deps/assets_depth_w57-9d8cd558656be500)
  Executable tests/assets_depth_w61.rs (target/debug/deps/assets_depth_w61-d1d832e706eecc8f)
  Executable tests/assets_enricher_w54.rs (target/debug/deps/assets_enricher_w54-648addc007d96f4f)
  Executable tests/bdd.rs (target/debug/deps/bdd-969949ee23b261a8)
  Executable tests/deep.rs (target/debug/deps/deep-577ea0aefa1ddf59)
  Executable tests/deep_coverage.rs (target/debug/deps/deep_coverage-1271cabcc30ff149)
  Executable tests/deep_w38.rs (target/debug/deps/deep_w38-aa44a92b16a7f83f)
  Executable tests/deep_w66.rs (target/debug/deps/deep_w66-cfc2321171c3d0e4)
  Executable tests/deep_w68.rs (target/debug/deps/deep_w68-62e7302346814d51)
  Executable tests/properties.rs (target/debug/deps/properties-1ea8306578888434)
  Executable unittests src/lib.rs (target/debug/deps/tokmd_analysis_complexity-2f834447f87ee2e1)
  Executable tests/bdd.rs (target/debug/deps/bdd-d43f20fc556d2098)
  Executable tests/complexity_contract_w65.rs (target/debug/deps/complexity_contract_w65-cbfccacb2c588f12)
  Executable tests/complexity_depth_w56.rs (target/debug/deps/complexity_depth_w56-5fd12e4e48099ac6)
  Executable tests/complexity_w74.rs (target/debug/deps/complexity_w74-7f5c92baa5464799)
  Executable tests/deep.rs (target/debug/deps/deep-0309b7f4e34774f1)
  Executable tests/deep_complexity_round2_w51.rs (target/debug/deps/deep_complexity_round2_w51-0a6aa81b304d89be)
  Executable tests/deep_complexity_w47.rs (target/debug/deps/deep_complexity_w47-0bec1241c5df1bab)
  Executable tests/deep_w39.rs (target/debug/deps/deep_w39-4df9a6deba413e3a)
  Executable tests/deep_w68.rs (target/debug/deps/deep_w68-b8103d5830d30df6)
  Executable tests/edge_cases.rs (target/debug/deps/edge_cases-b643442846c99e86)
  Executable tests/integration.rs (target/debug/deps/integration-fef8876910447fd5)
  Executable tests/properties.rs (target/debug/deps/properties-920f74d51567a767)
  Executable tests/proptest_w40.rs (target/debug/deps/proptest_w40-66bda749b80ae940)
  Executable unittests src/lib.rs (target/debug/deps/tokmd_analysis_content-12affe20feef7c03)
  Executable tests/bdd.rs (target/debug/deps/bdd-c5a31bb0941c56e0)
  Executable tests/bdd_extended.rs (target/debug/deps/bdd_extended-ec155341d7e0a01f)
  Executable tests/content_analysis_depth_w57.rs (target/debug/deps/content_analysis_depth_w57-cc6c3f21da8ba3e2)
  Executable tests/content_deep_w76.rs (target/debug/deps/content_deep_w76-ef9341467ce0e6d5)
  Executable tests/content_enricher_w54.rs (target/debug/deps/content_enricher_w54-7ffff666bb7ecdd2)
  Executable tests/deep.rs (target/debug/deps/deep-ea62e5d96de3654f)
  Executable tests/deep_w39.rs (target/debug/deps/deep_w39-c9fd90d2b15ee27f)
  Executable tests/deep_w66.rs (target/debug/deps/deep_w66-80fca72683e76d55)
  Executable tests/deep_w68.rs (target/debug/deps/deep_w68-619522f8585e3ab5)
  Executable tests/import_integration.rs (target/debug/deps/import_integration-524b296080adb008)
  Executable tests/properties.rs (target/debug/deps/properties-654ef356758da286)
  Executable unittests src/lib.rs (target/debug/deps/tokmd_analysis_derived-7d8cf641792b8b2f)
  Executable tests/bdd.rs (target/debug/deps/bdd-a9ee538b4e183b41)
  Executable tests/deep.rs (target/debug/deps/deep-4ee71e99b6e5d74d)
  Executable tests/deep_derived_round2_w51.rs (target/debug/deps/deep_derived_round2_w51-dd65aa914980b736)
  Executable tests/deep_derived_w47.rs (target/debug/deps/deep_derived_w47-63c8fd220ebdec58)
  Executable tests/deep_w38.rs (target/debug/deps/deep_w38-04a79e8270840e5e)
  Executable tests/deep_w68.rs (target/debug/deps/deep_w68-dffb03864f47fca9)
  Executable tests/derived_contract_w65.rs (target/debug/deps/derived_contract_w65-a3eb5371c172a5fb)
  Executable tests/derived_deep_w75.rs (target/debug/deps/derived_deep_w75-250a1e0677e7a0c5)
  Executable tests/derived_depth_w56.rs (target/debug/deps/derived_depth_w56-29200a924b4a8444)
  Executable tests/derived_depth_w62.rs (target/debug/deps/derived_depth_w62-0960f177a4632345)
  Executable tests/edge_cases.rs (target/debug/deps/edge_cases-1fb9d6e54daf6215)
  Executable tests/integration_subreports.rs (target/debug/deps/integration_subreports-f44c91f0f84263f7)
  Executable tests/integration_tree.rs (target/debug/deps/integration_tree-6cb8f1e4d366f7bc)
  Executable tests/properties.rs (target/debug/deps/properties-5aef1898357119b2)
  Executable tests/proptest_w40.rs (target/debug/deps/proptest_w40-6a13742a503448e3)
  Executable unittests src/lib.rs (target/debug/deps/tokmd_analysis_effort-55584a2a3a5d84f1)
  Executable tests/effort_engine.rs (target/debug/deps/effort_engine-1736a5f6ce6bd416)
  Executable unittests src/lib.rs (target/debug/deps/tokmd_analysis_entropy-9176d62bfb65a0ad)
  Executable tests/bdd.rs (target/debug/deps/bdd-cbe1dcb0eb83a3b5)
  Executable tests/deep.rs (target/debug/deps/deep-341cff0a57c30332)
  Executable tests/deep2.rs (target/debug/deps/deep2-fbd3d6fbf3482b39)
  Executable tests/deep_entropy_w49.rs (target/debug/deps/deep_entropy_w49-5681817090cff9f2)
  Executable tests/deep_w38.rs (target/debug/deps/deep_w38-c6df91629f82e533)
  Executable tests/deep_w68.rs (target/debug/deps/deep_w68-339afa05e9c1f4f2)
  Executable tests/determinism.rs (target/debug/deps/determinism-158c1f6b8b1ee20a)
  Executable tests/entropy_depth_w56.rs (target/debug/deps/entropy_depth_w56-a01f31fee462191d)
  Executable tests/entropy_depth_w61.rs (target/debug/deps/entropy_depth_w61-abeb409667fb76d1)
  Executable tests/entropy_w75.rs (target/debug/deps/entropy_w75-981ed1aeead0c129)
  Executable tests/properties.rs (target/debug/deps/properties-5230994839d1eef5)
  Executable tests/unit.rs (target/debug/deps/unit-7d05eebaaed26813)
  Executable tests/uselesskey_runtime_fixtures.rs (target/debug/deps/uselesskey_runtime_fixtures-26c4cafed8fbf85d)
  Executable unittests src/lib.rs (target/debug/deps/tokmd_analysis_explain-75d890c814c96708)
  Executable tests/bdd.rs (target/debug/deps/bdd-49be1a59bd2c021c)
  Executable tests/deep_v3.rs (target/debug/deps/deep_v3-062bb3bdc58a3001)
  Executable tests/deep_w66.rs (target/debug/deps/deep_w66-4f915eaf62c79535)
  Executable tests/deep_w69.rs (target/debug/deps/deep_w69-1f3083ddb7839c9d)
  Executable tests/edge_cases.rs (target/debug/deps/edge_cases-1374c0a390163189)
  Executable tests/explain_depth_w55.rs (target/debug/deps/explain_depth_w55-b09afd3169db5ffd)
  Executable tests/explain_depth_w57.rs (target/debug/deps/explain_depth_w57-e909e81d58caed6a)
  Executable tests/explain_depth_w60.rs (target/debug/deps/explain_depth_w60-5b617a23bfed611c)
  Executable tests/property.rs (target/debug/deps/property-6f171f15a2dd9e7c)
  Executable tests/proptest_w56.rs (target/debug/deps/proptest_w56-67c465e9fcf416f9)
  Executable tests/snapshots.rs (target/debug/deps/snapshots-e0063b0be91dc94c)
  Executable unittests src/lib.rs (target/debug/deps/tokmd_analysis_fingerprint-bd7cee84081b9c8e)
  Executable tests/bdd.rs (target/debug/deps/bdd-6b97f00f5a22bb59)
  Executable tests/deep.rs (target/debug/deps/deep-7497878d4d3e7689)
  Executable tests/deep_fingerprint_w49.rs (target/debug/deps/deep_fingerprint_w49-ef8c0fa7e1175ba8)
  Executable tests/deep_w38.rs (target/debug/deps/deep_w38-707ad79acd4b2051)
  Executable tests/deep_w68.rs (target/debug/deps/deep_w68-ed3aef915c6ed132)
  Executable tests/edge_cases.rs (target/debug/deps/edge_cases-d174926e3acbb67d)
  Executable tests/fingerprint_depth_w56.rs (target/debug/deps/fingerprint_depth_w56-350e18dcb94b2b4d)
  Executable tests/fingerprint_depth_w61.rs (target/debug/deps/fingerprint_depth_w61-9bd16dae683b6de0)
  Executable tests/fingerprint_w75.rs (target/debug/deps/fingerprint_w75-a19d9bb55d72f40e)
  Executable tests/identity_security.rs (target/debug/deps/identity_security-f705e2a0306d7ed3)
  Executable tests/properties.rs (target/debug/deps/properties-b1c6e7c2760be915)
  Executable tests/unit.rs (target/debug/deps/unit-1ae3eb50ebffcdf3)
  Executable unittests src/lib.rs (target/debug/deps/tokmd_analysis_format-cea7cf8107fc820f)
  Executable tests/analysis_fmt_depth_w62.rs (target/debug/deps/analysis_fmt_depth_w62-abe50784fc1e6bc9)
  Executable tests/analysis_snapshot_w54.rs (target/debug/deps/analysis_snapshot_w54-a13c96b3909da646)
  Executable tests/analysis_snapshot_w58.rs (target/debug/deps/analysis_snapshot_w58-4935186e65d410cb)
  Executable tests/bdd_extended.rs (target/debug/deps/bdd_extended-1279016ffe13c0fe)
  Executable tests/deep.rs (target/debug/deps/deep-ca2e13ce09096f77)
  Executable tests/deep_analysisfmt_w48.rs (target/debug/deps/deep_analysisfmt_w48-f98264e39a4bd4e7)
  Executable tests/deep_w38.rs (target/debug/deps/deep_w38-59233651c64df8f9)
  Executable tests/deep_w69.rs (target/debug/deps/deep_w69-9a04fb9428c168bf)
  Executable tests/properties.rs (target/debug/deps/properties-e9b44a91f0b0839f)
  Executable tests/render_formats.rs (target/debug/deps/render_formats-980d1f6c8e4e7bc3)
  Executable tests/render_fun.rs (target/debug/deps/render_fun-13c499f84e99cf3d)
  Executable tests/render_md.rs (target/debug/deps/render_md-3a0ea4c61eb181be)
  Executable tests/snapshot_analysis_w50.rs (target/debug/deps/snapshot_analysis_w50-fd79eaf2bfcc284f)
  Executable tests/snapshot_golden.rs (target/debug/deps/snapshot_golden-01b51486646aa5c8)
  Executable tests/snapshot_v2.rs (target/debug/deps/snapshot_v2-9635062c488435c4)
  Executable tests/snapshot_w40.rs (target/debug/deps/snapshot_w40-1b7461700ab175f6)
  Executable tests/snapshot_w45.rs (target/debug/deps/snapshot_w45-bad17f31815655dd)
  Executable tests/snapshot_w70.rs (target/debug/deps/snapshot_w70-66552515ccaaa20c)
  Executable tests/snapshot_w74.rs (target/debug/deps/snapshot_w74-1cf2945f6c3fe970)
  Executable tests/snapshots.rs (target/debug/deps/snapshots-0845c59856780d8b)
  Executable unittests src/lib.rs (target/debug/deps/tokmd_analysis_fun-12a26bafb785c785)
  Executable tests/bdd.rs (target/debug/deps/bdd-dd6d7db33062462a)
  Executable tests/deep_w45.rs (target/debug/deps/deep_w45-403b6c7e6e6b2daf)
  Executable tests/deep_w66.rs (target/debug/deps/deep_w66-3cfa359cbb51fda2)
  Executable tests/deep_w71.rs (target/debug/deps/deep_w71-ec10be4727078a6c)
  Executable tests/fun_depth_w57.rs (target/debug/deps/fun_depth_w57-05230ff4a0979ae6)
  Executable tests/fun_depth_w61.rs (target/debug/deps/fun_depth_w61-d58742818a64d7ad)
  Executable tests/fun_enricher_w54.rs (target/debug/deps/fun_enricher_w54-d736ec0e327ef1c9)
  Executable tests/properties.rs (target/debug/deps/properties-daac7127f7290a2a)
  Executable tests/snapshot_eco.rs (target/debug/deps/snapshot_eco-b4f3d320fa6f64d7)
  Executable unittests src/lib.rs (target/debug/deps/tokmd_analysis_git-6e1bedb30d8ba41b)
  Executable tests/bdd.rs (target/debug/deps/bdd-ad8d38cece81cd80)
  Executable tests/bdd_extended.rs (target/debug/deps/bdd_extended-352050eda5d5e9d9)
  Executable tests/deep.rs (target/debug/deps/deep-0fb390f541b73b3a)
  Executable tests/deep_analysis_git_w48.rs (target/debug/deps/deep_analysis_git_w48-66c568fbecd9f63e)
  Executable tests/deep_w39.rs (target/debug/deps/deep_w39-161eb9b2be03a674)
  Executable tests/deep_w43.rs (target/debug/deps/deep_w43-e6019e96af9978b6)
  Executable tests/deep_w66.rs (target/debug/deps/deep_w66-c280abef58ae2e9e)
  Executable tests/deep_w68.rs (target/debug/deps/deep_w68-322a7181ac20ad2d)
  Executable tests/git_analysis_depth_w57.rs (target/debug/deps/git_analysis_depth_w57-d8423f9ae5cfb954)
  Executable tests/git_deep_w76.rs (target/debug/deps/git_deep_w76-725b3c2a8b6dc52f)
  Executable tests/git_enricher_w54.rs (target/debug/deps/git_enricher_w54-0cb006784801e028)
  Executable tests/properties.rs (target/debug/deps/properties-bc5e1577f3c38214)
  Executable unittests src/lib.rs (target/debug/deps/tokmd_analysis_grid-e28e07c60aa36b2e)
  Executable tests/bdd.rs (target/debug/deps/bdd-b4a85825db86ec1c)
  Executable tests/deep.rs (target/debug/deps/deep-1bc33ae3e9923834)
  Executable tests/deep_coverage.rs (target/debug/deps/deep_coverage-d140b17ad244ccf6)
  Executable tests/deep_grid_w48.rs (target/debug/deps/deep_grid_w48-ff7168af50863a81)
  Executable tests/deep_w68.rs (target/debug/deps/deep_w68-e16cd2754e4dc36e)
  Executable tests/enrichers.rs (target/debug/deps/enrichers-a8841b6288b838df)
  Executable tests/grid_depth_w55.rs (target/debug/deps/grid_depth_w55-e5b74f2b6fc5edbc)
  Executable tests/grid_depth_w61.rs (target/debug/deps/grid_depth_w61-94eefce93b8ecdec)
  Executable tests/grid_w73.rs (target/debug/deps/grid_w73-abd455489701337a)
  Executable tests/properties.rs (target/debug/deps/properties-02fb71c1746c40fa)
  Executable tests/proptest_w56.rs (target/debug/deps/proptest_w56-89e14db1164361cb)
  Executable tests/unit.rs (target/debug/deps/unit-21beadfbb8fd6de3)
  Executable unittests src/lib.rs (target/debug/deps/tokmd_analysis_halstead-0239b1e041406027)
  Executable tests/bdd.rs (target/debug/deps/bdd-a1ef960df16aecd6)
  Executable tests/deep.rs (target/debug/deps/deep-45bff9b6574df59a)
  Executable tests/deep_halstead_round2_w51.rs (target/debug/deps/deep_halstead_round2_w51-cc42d61162f4dc69)
  Executable tests/deep_halstead_w47.rs (target/debug/deps/deep_halstead_w47-397ca3792e1cafb1)
  Executable tests/deep_w38.rs (target/debug/deps/deep_w38-a39d281c8faeb754)
  Executable tests/deep_w68.rs (target/debug/deps/deep_w68-4178a4e0700cb934)
  Executable tests/edge_cases.rs (target/debug/deps/edge_cases-a521c509b4889dd8)
  Executable tests/halstead_depth_w56.rs (target/debug/deps/halstead_depth_w56-8357af9ca6eddbef)
  Executable tests/halstead_depth_w61.rs (target/debug/deps/halstead_depth_w61-72f389def9e2817b)
  Executable tests/halstead_w74.rs (target/debug/deps/halstead_w74-3493252c20d940ec)
  Executable tests/properties.rs (target/debug/deps/properties-ca7b8a1e5e51b5fa)
  Executable tests/unit.rs (target/debug/deps/unit-224e4d46564804ab)
  Executable unittests src/lib.rs (target/debug/deps/tokmd_analysis_html-47b2129fed07b85e)
  Executable tests/bdd.rs (target/debug/deps/bdd-9d417b529ddd408a)
  Executable tests/deep_v3.rs (target/debug/deps/deep_v3-45c31d5b92292194)
  Executable tests/deep_w66.rs (target/debug/deps/deep_w66-ed0e1b14d98b61de)
  Executable tests/deep_w69.rs (target/debug/deps/deep_w69-590df0eae2a5b5c7)
  Executable tests/edge_cases.rs (target/debug/deps/edge_cases-0420562f125cd0d6)
  Executable tests/html_depth_w57.rs (target/debug/deps/html_depth_w57-98651aceef917e97)
  Executable tests/html_depth_w62.rs (target/debug/deps/html_depth_w62-ec0af182a90300ea)
  Executable tests/html_rendering_w55.rs (target/debug/deps/html_rendering_w55-147274661220259e)
  Executable tests/property.rs (target/debug/deps/property-5426a2dc94be498e)
  Executable tests/proptest_w56.rs (target/debug/deps/proptest_w56-2e97c1485a5dc8ca)
  Executable tests/snapshots.rs (target/debug/deps/snapshots-4825092fd3f45ec9)
  Executable unittests src/lib.rs (target/debug/deps/tokmd_analysis_imports-0d66ab0307fbfab5)
  Executable tests/bdd.rs (target/debug/deps/bdd-1d1f2e2db5906a3e)
  Executable tests/deep_v3.rs (target/debug/deps/deep_v3-154a8fe5cec9d33d)
  Executable tests/deep_w69.rs (target/debug/deps/deep_w69-63f717b131544de7)
  Executable tests/edge_cases.rs (target/debug/deps/edge_cases-23994335ce43a099)
  Executable tests/graph_scenarios.rs (target/debug/deps/graph_scenarios-a3b769043fed5a3d)
  Executable tests/imports_depth_w55.rs (target/debug/deps/imports_depth_w55-d601ba012949587d)
  Executable tests/imports_depth_w57.rs (target/debug/deps/imports_depth_w57-f92143f5d00598e2)
  Executable tests/imports_depth_w60.rs (target/debug/deps/imports_depth_w60-f9d693d7bb1d5295)
  Executable tests/properties.rs (target/debug/deps/properties-3665f422817bd08b)
  Executable tests/snapshots.rs (target/debug/deps/snapshots-7d0cc45b4e78df92)
  Executable unittests src/lib.rs (target/debug/deps/tokmd_analysis_license-db2344a33ab897c3)
  Executable tests/bdd.rs (target/debug/deps/bdd-900f2ee95b39226f)
  Executable tests/deep.rs (target/debug/deps/deep-286ba648c20d21d3)
  Executable tests/deep_license_w49.rs (target/debug/deps/deep_license_w49-f82db35058ac89b9)
  Executable tests/deep_w38.rs (target/debug/deps/deep_w38-755562bace85c082)
  Executable tests/deep_w68.rs (target/debug/deps/deep_w68-1d357d4af6a6a9be)
  Executable tests/edge_cases.rs (target/debug/deps/edge_cases-d4b65cc700dcc922)
  Executable tests/identity_security.rs (target/debug/deps/identity_security-51e8de1fbbb7f387)
  Executable tests/license_depth_w56.rs (target/debug/deps/license_depth_w56-286357028af66ffb)
  Executable tests/license_depth_w60.rs (target/debug/deps/license_depth_w60-40a9c18fd58202b6)
  Executable tests/license_w75.rs (target/debug/deps/license_w75-5033cf191e1a14fb)
  Executable tests/properties.rs (target/debug/deps/properties-d70c46408d55e123)
  Executable tests/unit.rs (target/debug/deps/unit-2c547a9449227ed8)
  Executable unittests src/lib.rs (target/debug/deps/tokmd_analysis_maintainability-7da3d0d03a2c049f)
  Executable tests/bdd.rs (target/debug/deps/bdd-9de007abbced048f)
  Executable tests/deep_v3.rs (target/debug/deps/deep_v3-b3f7fc349f81e5f4)
  Executable tests/deep_w70.rs (target/debug/deps/deep_w70-aa5c511b0cf4c981)
  Executable tests/edge_cases.rs (target/debug/deps/edge_cases-f455c8593e7a9c4f)
  Executable tests/maint_depth_w57.rs (target/debug/deps/maint_depth_w57-bf58f8c8c698e590)
  Executable tests/maintainability_depth_w55.rs (target/debug/deps/maintainability_depth_w55-55172138d4199a1a)
  Executable tests/maintainability_depth_w60.rs (target/debug/deps/maintainability_depth_w60-dc848eb1739142e9)
  Executable tests/mathematical_invariants.rs (target/debug/deps/mathematical_invariants-ca71e0849254c16d)
  Executable tests/properties.rs (target/debug/deps/properties-0b5a6d0865a7ad44)
  Executable tests/reference_values.rs (target/debug/deps/reference_values-8ea014bdbd0a7158)
  Executable unittests src/lib.rs (target/debug/deps/tokmd_analysis_near_dup-1920a0e926a17a9c)
  Executable tests/bdd.rs (target/debug/deps/bdd-072b8eba182b78d5)
  Executable tests/deep.rs (target/debug/deps/deep-4ca5ba6ac30073d9)
  Executable tests/deep2.rs (target/debug/deps/deep2-534e9210ae06eaf8)
  Executable tests/deep_neardup_round2_w51.rs (target/debug/deps/deep_neardup_round2_w51-a264e67da9ad175c)
  Executable tests/deep_neardup_w47.rs (target/debug/deps/deep_neardup_w47-68b6048b2bfd02d6)
  Executable tests/deep_w38.rs (target/debug/deps/deep_w38-542be1917cbfa3e0)
  Executable tests/deep_w42.rs (target/debug/deps/deep_w42-6b7eb5cfb5df72cb)
  Executable tests/deep_w68.rs (target/debug/deps/deep_w68-3d2abc4dbaa1ef18)
  Executable tests/determinism.rs (target/debug/deps/determinism-c132fca42fa46561)
  Executable tests/near_dup_depth_w56.rs (target/debug/deps/near_dup_depth_w56-341189ef751458cc)
  Executable tests/neardup_contract_w65.rs (target/debug/deps/neardup_contract_w65-99626398f28bc14a)
  Executable tests/neardup_depth_w62.rs (target/debug/deps/neardup_depth_w62-ebb9665ad0e0d118)
  Executable tests/neardup_w74.rs (target/debug/deps/neardup_w74-9c7ce5e7a3f06c10)
  Executable tests/properties.rs (target/debug/deps/properties-f3766a6bbb20562a)
  Executable tests/unit.rs (target/debug/deps/unit-59f45db7205918b8)
  Executable unittests src/lib.rs (target/debug/deps/tokmd_analysis_topics-6db7b23cb8dbc340)
  Executable tests/bdd.rs (target/debug/deps/bdd-82815c16bd5f1a28)
  Executable tests/deep.rs (target/debug/deps/deep-c071052c5de53048)
  Executable tests/deep2.rs (target/debug/deps/deep2-44f4f7e29bd28779)
  Executable tests/deep_topics_w49.rs (target/debug/deps/deep_topics_w49-b9eaccfb340d7d24)
  Executable tests/deep_w38.rs (target/debug/deps/deep_w38-ba5ac5238ed6c991)
  Executable tests/deep_w42.rs (target/debug/deps/deep_w42-38e1e14fde00db22)
  Executable tests/deep_w68.rs (target/debug/deps/deep_w68-dc2518d2746348a0)
  Executable tests/edge_cases.rs (target/debug/deps/edge_cases-50ba703ea3edc187)
  Executable tests/properties.rs (target/debug/deps/properties-9d272370515fffd3)
  Executable tests/topics_depth_w56.rs (target/debug/deps/topics_depth_w56-145f83b893aa8730)
  Executable tests/topics_w74.rs (target/debug/deps/topics_w74-82c40ff29d4ff495)
  Executable tests/unit.rs (target/debug/deps/unit-854e52e06ff1f595)
  Executable unittests src/lib.rs (target/debug/deps/tokmd_analysis_types-3aebde288ab825ae)
  Executable tests/analysis_types_depth_w56.rs (target/debug/deps/analysis_types_depth_w56-ee9eeb33b46b0a1e)
  Executable tests/analysis_types_depth_w61.rs (target/debug/deps/analysis_types_depth_w61-8102cdfc10c48152)
  Executable tests/baseline.rs (target/debug/deps/baseline-058ea357d49327ff)
  Executable tests/coverage_expansion.rs (target/debug/deps/coverage_expansion-c600e40fa9108b59)
  Executable tests/feature_stability_w53.rs (target/debug/deps/feature_stability_w53-947f69317ef281b0)
  Executable tests/properties.rs (target/debug/deps/properties-76434f684468341a)
  Executable tests/proptest_w69.rs (target/debug/deps/proptest_w69-fbd940401e5bf720)
  Executable tests/schema_compliance_w53.rs (target/debug/deps/schema_compliance_w53-85037729561a831e)
  Executable tests/schema_contract.rs (target/debug/deps/schema_contract-4b56714cde8e6514)
  Executable tests/schema_contract_w66.rs (target/debug/deps/schema_contract_w66-7c108b3fb7dac30b)
  Executable tests/schema_validation.rs (target/debug/deps/schema_validation-2bf38d3f9b5c5c44)
  Executable tests/serde_compat_v2.rs (target/debug/deps/serde_compat_v2-f98e1949859061b9)
  Executable unittests src/lib.rs (target/debug/deps/tokmd_analysis_util-3ab5927ccbe89b92)
  Executable tests/bdd.rs (target/debug/deps/bdd-6f4a6989efc6bcc8)
  Executable tests/bdd_expansion.rs (target/debug/deps/bdd_expansion-a600e7056e3daeec)
  Executable tests/deep.rs (target/debug/deps/deep-edd5cc9e9dd47f84)
  Executable tests/deep_analysisutil_w48.rs (target/debug/deps/deep_analysisutil_w48-8bd3d4b61e535c61)
  Executable tests/deep_w42.rs (target/debug/deps/deep_w42-cf869199ddbaa532)
  Executable tests/deep_w70.rs (target/debug/deps/deep_w70-2955e219ea1a9177)
  Executable tests/properties.rs (target/debug/deps/properties-2dcdd43882a89598)
  Executable tests/unit.rs (target/debug/deps/unit-5c7e31991a2a60c7)
  Executable tests/util_depth_w57.rs (target/debug/deps/util_depth_w57-4d20d7ef53bc063b)
  Executable tests/util_depth_w61.rs (target/debug/deps/util_depth_w61-ffca3443ec0aaa43)
  Executable tests/util_w73.rs (target/debug/deps/util_w73-81be047fa49477b9)
  Executable unittests src/lib.rs (target/debug/deps/tokmd_badge-4c1d70c15a5a48bf)
  Executable tests/badge_contract_w64.rs (target/debug/deps/badge_contract_w64-235f137b0e090b03)
  Executable tests/badge_deep.rs (target/debug/deps/badge_deep-891605bd5512b017)
  Executable tests/badge_deep_w74.rs (target/debug/deps/badge_deep_w74-87ef9f8d9ef8e9e2)
  Executable tests/badge_depth_w62.rs (target/debug/deps/badge_depth_w62-02d1a76cf93d08bd)
  Executable tests/badge_snapshot_w54.rs (target/debug/deps/badge_snapshot_w54-d76f5bc9c8000d53)
  Executable tests/badge_snapshot_w58.rs (target/debug/deps/badge_snapshot_w58-9a4a2c4e56b0afe0)
  Executable tests/bdd.rs (target/debug/deps/bdd-eed3c5c467dd57c6)
  Executable tests/coverage.rs (target/debug/deps/coverage-747dcdecff4ea7c7)
  Executable tests/deep.rs (target/debug/deps/deep-5961c181187397ce)
  Executable tests/deep_badge_w47.rs (target/debug/deps/deep_badge_w47-9e92e5893ecc5997)
  Executable tests/deep_w38.rs (target/debug/deps/deep_w38-7aee01747bf8c2b1)
  Executable tests/deep_w67.rs (target/debug/deps/deep_w67-c9fac2d2e3e3b037)
  Executable tests/properties.rs (target/debug/deps/properties-ac026b2ec5488e5b)
  Executable tests/proptest_deep.rs (target/debug/deps/proptest_deep-8ced21e1143bab85)
  Executable tests/proptest_w40.rs (target/debug/deps/proptest_w40-d980c220334e9972)
  Executable tests/proptest_w53.rs (target/debug/deps/proptest_w53-605b4bfa0bc09d6c)
  Executable tests/proptest_w59.rs (target/debug/deps/proptest_w59-6991891382db6a37)
  Executable tests/proptest_w72.rs (target/debug/deps/proptest_w72-808223477de64494)
  Executable tests/snapshot_badge_w50.rs (target/debug/deps/snapshot_badge_w50-556fbc668e9dded2)
  Executable tests/snapshot_badges.rs (target/debug/deps/snapshot_badges-5fcf148b0a5a832f)
  Executable tests/snapshot_w40.rs (target/debug/deps/snapshot_w40-cdc0f90341c8353b)
  Executable tests/snapshot_w42.rs (target/debug/deps/snapshot_w42-441451ecafcad064)
  Executable tests/snapshot_w45.rs (target/debug/deps/snapshot_w45-20d44ad125788729)
  Executable tests/snapshot_w70.rs (target/debug/deps/snapshot_w70-8995d0d39320916c)
  Executable tests/snapshots.rs (target/debug/deps/snapshots-e681343a7dfb9d73)
  Executable tests/svg_rendering_w59.rs (target/debug/deps/svg_rendering_w59-6ce674732125db82)
  Executable tests/unit.rs (target/debug/deps/unit-7363bf56afb318ca)
  Executable unittests src/lib.rs (target/debug/deps/tokmd_cockpit-884c4d1f0a4961ae)
  Executable tests/accuracy_deep.rs (target/debug/deps/accuracy_deep-05f374e98fdc58fc)
  Executable tests/bdd.rs (target/debug/deps/bdd-4622f8f836fb024c)
  Executable tests/cockpit_deep.rs (target/debug/deps/cockpit_deep-78488e4a661af0cb)
  Executable tests/cockpit_depth_w57.rs (target/debug/deps/cockpit_depth_w57-f7e355ca7a7c1195)
  Executable tests/cockpit_depth_w60.rs (target/debug/deps/cockpit_depth_w60-adcac890e0c3044e)
  Executable tests/cockpit_error_handling_w54.rs (target/debug/deps/cockpit_error_handling_w54-bb431e588eb1ece6)
  Executable tests/cockpit_w68.rs (target/debug/deps/cockpit_w68-a0ed91c6b6c01920)
  Executable tests/deep_cockpit_round2_w51.rs (target/debug/deps/deep_cockpit_round2_w51-1c049d7451d4bee2)
  Executable tests/deep_cockpit_w47.rs (target/debug/deps/deep_cockpit_w47-0d43575ce2061278)
  Executable tests/deep_w38.rs (target/debug/deps/deep_w38-1437070d279ad708)
  Executable tests/deep_w42.rs (target/debug/deps/deep_w42-f3555d603389e4f2)
  Executable tests/deep_w66.rs (target/debug/deps/deep_w66-dc94d9fa6070d8e7)
  Executable tests/integration.rs (target/debug/deps/integration-92d80bf5775e1312)
  Executable tests/integration_deep.rs (target/debug/deps/integration_deep-95ab38e8cdcb81fb)
  Executable tests/properties.rs (target/debug/deps/properties-c83d54494e52375f)
  Executable tests/proptest_deep.rs (target/debug/deps/proptest_deep-525c87580746bef1)
  Executable tests/proptest_expansion_w50.rs (target/debug/deps/proptest_expansion_w50-c607403daf6f8ad3)
  Executable tests/serde_w70.rs (target/debug/deps/serde_w70-17c812259a18c4ed)
  Executable tests/snapshot_w45.rs (target/debug/deps/snapshot_w45-6ae9261a0dd2f982)
  Executable unittests src/lib.rs (target/debug/deps/tokmd_config-097382c615901de8)
  Executable tests/bdd.rs (target/debug/deps/bdd-5640de5759158a14)
  Executable tests/config_deep_w64.rs (target/debug/deps/config_deep_w64-ff6e25d3cf2bc902)
  Executable tests/config_deep_w75.rs (target/debug/deps/config_deep_w75-ac682def6e040d79)
  Executable tests/config_depth_w60.rs (target/debug/deps/config_depth_w60-8f5871a85789b8e2)
  Executable tests/config_error_handling_w54.rs (target/debug/deps/config_error_handling_w54-72e65f3ab2ffe7f6)
  Executable tests/config_integration.rs (target/debug/deps/config_integration-57a396795a2e4b97)
  Executable tests/config_w68.rs (target/debug/deps/config_w68-8914787f0aa477c8)
  Executable tests/deep.rs (target/debug/deps/deep-80c7ed4dfeb3d8ac)
  Executable tests/deep_config_round2_w52.rs (target/debug/deps/deep_config_round2_w52-dee709ce23c13cb6)
  Executable tests/deep_config_w47.rs (target/debug/deps/deep_config_w47-a6a195b37f4e3ddf)
  Executable tests/deep_w39.rs (target/debug/deps/deep_w39-a4963fc0dd051aba)
  Executable tests/deep_w43.rs (target/debug/deps/deep_w43-ecd7510aa611efed)
  Executable tests/deep_w66.rs (target/debug/deps/deep_w66-28cd58c2c6b8e660)
  Executable tests/determinism.rs (target/debug/deps/determinism-9d5781a72d8a5a49)
  Executable tests/edge_cases.rs (target/debug/deps/edge_cases-ca4254fa3a941dc4)
  Executable tests/error_boundary.rs (target/debug/deps/error_boundary-c428367399ac3dd0)
  Executable tests/error_cases.rs (target/debug/deps/error_cases-be5a06bbf25e59d7)
  Executable tests/error_edge_w73.rs (target/debug/deps/error_edge_w73-d18c3d3c42e8c49b)
  Executable tests/error_handling.rs (target/debug/deps/error_handling-1407ed96b3340da6)
  Executable tests/properties.rs (target/debug/deps/properties-2663b04e0fe62824)
  Executable tests/proptest_deep.rs (target/debug/deps/proptest_deep-11e94eca174cf7cc)
  Executable tests/proptest_expansion_w50.rs (target/debug/deps/proptest_expansion_w50-85a2b43353798b3e)
  Executable tests/scenarios.rs (target/debug/deps/scenarios-8eef9c996efaf679)
  Executable tests/serde_w70.rs (target/debug/deps/serde_w70-ecf39e5be649c26b)
  Executable tests/toml_config.rs (target/debug/deps/toml_config-4fae1b2486095f7b)
  Executable tests/toml_parsing.rs (target/debug/deps/toml_parsing-cfb2a4feb0b57905)
  Executable unittests src/lib.rs (target/debug/deps/tokmd_content-d7166d8f7a44ff6b)
  Executable tests/bdd.rs (target/debug/deps/bdd-d641217966a8f89a)
  Executable tests/bdd_extended.rs (target/debug/deps/bdd_extended-265dfa6e44f63f64)
  Executable tests/boundary_w53.rs (target/debug/deps/boundary_w53-e4a42853bc642fd1)
  Executable tests/content_contract_w64.rs (target/debug/deps/content_contract_w64-fa0de2280eab911c)
  Executable tests/content_depth_w55.rs (target/debug/deps/content_depth_w55-7b0177e7daf34de6)
  Executable tests/content_depth_w58.rs (target/debug/deps/content_depth_w58-f38c3972693bb495)
  Executable tests/content_depth_w60.rs (target/debug/deps/content_depth_w60-2d5f6d199862ac7a)
  Executable tests/content_depth_w63.rs (target/debug/deps/content_depth_w63-b98f4b6793aff05c)
  Executable tests/deep.rs (target/debug/deps/deep-6e07699378eb7afe)
  Executable tests/deep_content_w48.rs (target/debug/deps/deep_content_w48-f85c740cba50d2f5)
  Executable tests/deep_w43.rs (target/debug/deps/deep_w43-ac2a69324b54a5ae)
  Executable tests/deep_w69.rs (target/debug/deps/deep_w69-846016653e957eda)
  Executable tests/error_edge_w73.rs (target/debug/deps/error_edge_w73-265ab951ee7fb0a8)
  Executable tests/properties.rs (target/debug/deps/properties-522fde70c6c6ad92)
  Executable tests/proptest_w56.rs (target/debug/deps/proptest_w56-29dde0fb21d5c6fd)
  Executable unittests src/lib.rs (target/debug/deps/tokmd_context_git-ed8a76eb1d4a4c52)
  Executable tests/bdd.rs (target/debug/deps/bdd-f2dcf9495f41b4e2)
  Executable tests/context_git_depth_w55.rs (target/debug/deps/context_git_depth_w55-a9da8da254fdee7e)
  Executable tests/context_git_w60.rs (target/debug/deps/context_git_w60-7b3b9b5e22e5b96e)
  Executable tests/deep.rs (target/debug/deps/deep-6f3829603522c6e0)
  Executable tests/deep_contextgit_w49.rs (target/debug/deps/deep_contextgit_w49-09a1f7bb7b72a355)
  Executable tests/deep_integration.rs (target/debug/deps/deep_integration-4f56962a5b962b46)
  Executable tests/deep_w39.rs (target/debug/deps/deep_w39-99d3bf9a062681f0)
  Executable tests/deep_w43.rs (target/debug/deps/deep_w43-e7d690dee6290b48)
  Executable tests/deep_w67.rs (target/debug/deps/deep_w67-d32f3eef1d6cbff5)
  Executable tests/properties.rs (target/debug/deps/properties-6a3ecf8736e13566)
  Executable unittests src/lib.rs (target/debug/deps/tokmd_context_policy-b02fa88227e8803a)
  Executable tests/bdd.rs (target/debug/deps/bdd-806ddb96550f3e5a)
  Executable tests/bdd_expansion.rs (target/debug/deps/bdd_expansion-88bd742044582425)
  Executable tests/deep.rs (target/debug/deps/deep-8850e820e2b4beb5)
  Executable tests/deep2.rs (target/debug/deps/deep2-50fe7cb5bbbd1a2f)
  Executable tests/deep_policy_round2_w51.rs (target/debug/deps/deep_policy_round2_w51-cdf2935624ede4dc)
  Executable tests/deep_policy_w47.rs (target/debug/deps/deep_policy_w47-5b13e48a912a366d)
  Executable tests/deep_w42.rs (target/debug/deps/deep_w42-371ee1dca3f73b3f)
  Executable tests/deep_w67.rs (target/debug/deps/deep_w67-64c8f7e278f044d1)
  Executable tests/handoff_context_deep.rs (target/debug/deps/handoff_context_deep-d27932eee029acfd)
  Executable tests/integration.rs (target/debug/deps/integration-d162d41a8ac27a42)
  Executable tests/policy_deep.rs (target/debug/deps/policy_deep-0262be9a1f4e5883)
  Executable tests/policy_w73.rs (target/debug/deps/policy_w73-9d3f4c57a2d65fc3)
  Executable tests/properties.rs (target/debug/deps/properties-6364686d7315ba09)
  Executable tests/proptest_deep.rs (target/debug/deps/proptest_deep-5e592a3be2ea5185)
  Executable tests/proptest_w53.rs (target/debug/deps/proptest_w53-7ad5cd32b083b9ec)
  Executable tests/selection_deep.rs (target/debug/deps/selection_deep-f1e7d13a2b99cb5a)
  Executable unittests src/lib.rs (target/debug/deps/tokmd_core-d05375b31b24239d)
  Executable tests/bindings_parity.rs (target/debug/deps/bindings_parity-0f9c795a13217387)
  Executable tests/core_deep_w64.rs (target/debug/deps/core_deep_w64-773f48fa511826b5)
  Executable tests/core_depth_w57.rs (target/debug/deps/core_depth_w57-2d7d6871994a8077)
  Executable tests/core_determinism_w53.rs (target/debug/deps/core_determinism_w53-1a6496b770649c93)
  Executable tests/cross_crate_pipeline.rs (target/debug/deps/cross_crate_pipeline-e8d9912de8241f7a)
  Executable tests/deep_core_round2_w51.rs (target/debug/deps/deep_core_round2_w51-c9fe1f5718f12db3)
  Executable tests/deep_w38.rs (target/debug/deps/deep_w38-94df6797eac2ebbe)
  Executable tests/deep_w67.rs (target/debug/deps/deep_w67-eabe96f0e212b841)
  Executable tests/error_boundary.rs (target/debug/deps/error_boundary-08f3191f0da297e3)
  Executable tests/error_types.rs (target/debug/deps/error_types-f1a2c3d2915fb6ae)
  Executable tests/error_w70.rs (target/debug/deps/error_w70-e6944f656468ad55)
  Executable tests/ffi_contract.rs (target/debug/deps/ffi_contract-568b6f3eb7202e24)
  Executable tests/ffi_deep.rs (target/debug/deps/ffi_deep-991e302f5d7f5785)
  Executable tests/ffi_deep_w77.rs (target/debug/deps/ffi_deep_w77-114d7d480ea15261)
  Executable tests/ffi_expansion.rs (target/debug/deps/ffi_expansion-67e98df36474bb9d)
  Executable tests/ffi_fixture_deep.rs (target/debug/deps/ffi_fixture_deep-932f529348cff02f)
  Executable tests/ffi_in_memory_w81.rs (target/debug/deps/ffi_in_memory_w81-a7175280e011ef0e)
  Executable tests/ffi_parity_w53.rs (target/debug/deps/ffi_parity_w53-c9161f936b6f90ec)
  Executable tests/ffi_w43.rs (target/debug/deps/ffi_w43-9762696313a4d998)
  Executable tests/in_memory_w80.rs (target/debug/deps/in_memory_w80-fdd247454068fa81)
  Executable tests/integration_pipeline.rs (target/debug/deps/integration_pipeline-d23da56973f25f9c)
  Executable tests/integration_w73.rs (target/debug/deps/integration_w73-80ec75b148aa90db)
  Executable tests/json_api.rs (target/debug/deps/json_api-9240c5f6fc1f3334)
  Executable tests/pipeline_integration.rs (target/debug/deps/pipeline_integration-fc9c9684bf458a19)
  Executable tests/pipeline_w40.rs (target/debug/deps/pipeline_w40-5c9e1de7e229fa89)
  Executable tests/proptest_expansion_w50.rs (target/debug/deps/proptest_expansion_w50-89c7b24095a5376b)
  Executable tests/workflow_deep.rs (target/debug/deps/workflow_deep-83a4f8ee242f1178)
  Executable tests/workflow_robustness_w53.rs (target/debug/deps/workflow_robustness_w53-a3a252be45d929cc)
  Executable tests/workflow_v2.rs (target/debug/deps/workflow_v2-0f6537617d522a11)
  Executable tests/workflows.rs (target/debug/deps/workflows-c436b6e22939481c)
  Executable unittests src/lib.rs (target/debug/deps/tokmd_envelope-891224df61e9d276)
  Executable tests/bdd.rs (target/debug/deps/bdd-1c5586f27059b9c5)
  Executable tests/contract_expansion.rs (target/debug/deps/contract_expansion-69762b027cd880f7)
  Executable tests/contract_hardening.rs (target/debug/deps/contract_hardening-df00c296141c9ad5)
  Executable tests/deep.rs (target/debug/deps/deep-4bca8c7af44a5360)
  Executable tests/deep2.rs (target/debug/deps/deep2-0123b5c619405a25)
  Executable tests/deep_envelope_round2_w52.rs (target/debug/deps/deep_envelope_round2_w52-d0864202a3f27d14)
  Executable tests/deep_envelope_w48.rs (target/debug/deps/deep_envelope_w48-f4c9805575bf9bb8)
  Executable tests/deep_w39.rs (target/debug/deps/deep_w39-78c86ad8a9f72562)
  Executable tests/deep_w67.rs (target/debug/deps/deep_w67-a5ed2a7abbe99dcf)
  Executable tests/envelope_depth_w63.rs (target/debug/deps/envelope_depth_w63-39592aa5e6f4f530)
  Executable tests/envelope_integration_w74.rs (target/debug/deps/envelope_integration_w74-ecfa6b3d8d6100d0)
  Executable tests/exhaustive_w72.rs (target/debug/deps/exhaustive_w72-72e92fc1df7e14b6)
  Executable tests/feature_stability_w53.rs (target/debug/deps/feature_stability_w53-4bede7ae3969a126)
  Executable tests/integration.rs (target/debug/deps/integration-66eda1a65d7ef4f3)
  Executable tests/properties.rs (target/debug/deps/properties-c32ca5d094612061)
  Executable tests/proptest_w40.rs (target/debug/deps/proptest_w40-8c83874b7cebde7d)
  Executable tests/proptest_w53.rs (target/debug/deps/proptest_w53-caaff45a159b6429)
  Executable tests/schema_compliance_w53.rs (target/debug/deps/schema_compliance_w53-53604b688980a5b4)
  Executable tests/schema_contract_w66.rs (target/debug/deps/schema_contract_w66-758f92f75d690cca)
  Executable tests/serde_w70.rs (target/debug/deps/serde_w70-c3d528bf80676a75)
  Executable unittests src/lib.rs (target/debug/deps/tokmd_exclude-4ab05e3d23cdc771)
  Executable tests/bdd.rs (target/debug/deps/bdd-3e70e01110459f2e)
  Executable tests/bdd_edge_cases.rs (target/debug/deps/bdd_edge_cases-541230128f518eab)
  Executable tests/deep.rs (target/debug/deps/deep-ac2c326892b89324)
  Executable tests/deep_exclude_w48.rs (target/debug/deps/deep_exclude_w48-eb5b2e2bf622e1a4)
  Executable tests/deep_w39.rs (target/debug/deps/deep_w39-ac8e8db9966a01a3)
  Executable tests/deep_w43.rs (target/debug/deps/deep_w43-af5aef3b8173f1d8)
  Executable tests/exclude_deep_w76.rs (target/debug/deps/exclude_deep_w76-59c1a98b4c945a68)
  Executable tests/exclude_depth_w62.rs (target/debug/deps/exclude_depth_w62-212a4eb6c9260a53)
  Executable tests/exclude_edge_cases_w54.rs (target/debug/deps/exclude_edge_cases_w54-6420e9e750349e23)
  Executable tests/integration.rs (target/debug/deps/integration-cff85374ebee7786)
  Executable tests/pattern_matching_w59.rs (target/debug/deps/pattern_matching_w59-6277670ff0ec9466)
  Executable tests/properties.rs (target/debug/deps/properties-802b1dd2e3d7f287)
  Executable tests/properties_extended.rs (target/debug/deps/properties_extended-0f39f6af98ad7033)
  Executable tests/properties_w59.rs (target/debug/deps/properties_w59-ecdcce89aaf0e634)
  Executable unittests src/lib.rs (target/debug/deps/tokmd_export_tree-e3a6ea69657ddc57)
  Executable tests/bdd.rs (target/debug/deps/bdd-d4be531199ab7830)
  Executable tests/deep.rs (target/debug/deps/deep-9cb2c1777f714f4f)
  Executable tests/deep_coverage.rs (target/debug/deps/deep_coverage-3c1dc653355ad7ac)
  Executable tests/deep_exporttree_w48.rs (target/debug/deps/deep_exporttree_w48-564f8136d4b52edb)
  Executable tests/deep_w43.rs (target/debug/deps/deep_w43-83d5556588e63b58)
  Executable tests/export_tree_deep_w76.rs (target/debug/deps/export_tree_deep_w76-b8a69c943462a44a)
  Executable tests/export_tree_depth_w56.rs (target/debug/deps/export_tree_depth_w56-3c1f22490f2bf7fd)
  Executable tests/export_tree_depth_w61.rs (target/debug/deps/export_tree_depth_w61-44f5d7ff956eb129)
  Executable tests/integration.rs (target/debug/deps/integration-2ae3b900ed984176)
  Executable tests/properties.rs (target/debug/deps/properties-15554fc10e317844)
  Executable tests/properties_w59.rs (target/debug/deps/properties_w59-d369fcbfd5c15fa6)
  Executable tests/proptest_w53.rs (target/debug/deps/proptest_w53-1a89672a54cefca2)
  Executable tests/tree_construction_w59.rs (target/debug/deps/tree_construction_w59-2059c58b3ee694e6)
  Executable unittests src/lib.rs (target/debug/deps/tokmd_ffi_envelope-931c977497700bab)
  Executable tests/bdd.rs (target/debug/deps/bdd-7da0cd6675fb3ad0)
  Executable tests/deep.rs (target/debug/deps/deep-04b6ca3431c03a25)
  Executable tests/deep_coverage.rs (target/debug/deps/deep_coverage-1f05f11da0fc77bb)
  Executable tests/deep_ffienvelope_w49.rs (target/debug/deps/deep_ffienvelope_w49-7ad91c871aca0c2e)
  Executable tests/deep_w43.rs (target/debug/deps/deep_w43-7b0fb07ccc4dc942)
  Executable tests/deep_w69.rs (target/debug/deps/deep_w69-a316e3b1604bab81)
  Executable tests/envelope_w77.rs (target/debug/deps/envelope_w77-12a1ffa71c0d6f7a)
  Executable tests/ffi_envelope_depth_w61.rs (target/debug/deps/ffi_envelope_depth_w61-9817074adb65e7ce)
  Executable tests/integration.rs (target/debug/deps/integration-8618a510dee6acc0)
  Executable tests/properties.rs (target/debug/deps/properties-883ab7280595fc13)
  Executable tests/proptest_w53.rs (target/debug/deps/proptest_w53-abae737d8f10e39f)
  Executable tests/schema_compliance_w53.rs (target/debug/deps/schema_compliance_w53-b6b0a0a9dcf8f2bc)
  Executable tests/schema_contract_w66.rs (target/debug/deps/schema_contract_w66-5e816b3dc5c55f3b)
  Executable unittests src/lib.rs (target/debug/deps/tokmd_format-8e05ab94381c54d0)
  Executable tests/bdd.rs (target/debug/deps/bdd-095a95d0621a4984)
  Executable tests/bdd_rendering.rs (target/debug/deps/bdd_rendering-628372c2457d87b2)
  Executable tests/deep_format_w47.rs (target/debug/deps/deep_format_w47-3b631ef206e95287)
  Executable tests/deep_w38.rs (target/debug/deps/deep_w38-1ceabff698272ddf)
  Executable tests/deep_w67.rs (target/debug/deps/deep_w67-a14e4446842efc30)
  Executable tests/determinism_w40.rs (target/debug/deps/determinism_w40-a6006c0a43942d54)
  Executable tests/determinism_w42.rs (target/debug/deps/determinism_w42-1a5f79e9097ad5bd)
  Executable tests/determinism_w66.rs (target/debug/deps/determinism_w66-ea20e18b1bf01475)
  Executable tests/diff_deep.rs (target/debug/deps/diff_deep-6ebced8b85ace135)
  Executable tests/edge_w76.rs (target/debug/deps/edge_w76-f9dd1852c6ef107e)
  Executable tests/error_cases.rs (target/debug/deps/error_cases-7995682e8d21dd3a)
  Executable tests/export_deep.rs (target/debug/deps/export_deep-488f8709b90b6799)
  Executable tests/feature_stability_w53.rs (target/debug/deps/feature_stability_w53-64443f745c6f5fba)
  Executable tests/format_contract_w64.rs (target/debug/deps/format_contract_w64-18bc73b71881f2a5)
  Executable tests/format_depth_w58.rs (target/debug/deps/format_depth_w58-8e78ac995c15ddcf)
  Executable tests/format_depth_w63.rs (target/debug/deps/format_depth_w63-b6912c7ae61c53ab)
  Executable tests/format_roundtrip_w52.rs (target/debug/deps/format_roundtrip_w52-bd17a74b22366b8d)
  Executable tests/format_snapshot_w58.rs (target/debug/deps/format_snapshot_w58-45c99148556a6825)
  Executable tests/format_tests.rs (target/debug/deps/format_tests-869a6f4551dae343)
  Executable tests/fuzz_w73.rs (target/debug/deps/fuzz_w73-f7966dd957ee5a0c)
  Executable tests/mutation_coverage_w50.rs (target/debug/deps/mutation_coverage_w50-dc81b2b0cc6fab2f)
  Executable tests/properties.rs (target/debug/deps/properties-fd73d1f04e5867e5)
  Executable tests/proptest_deep.rs (target/debug/deps/proptest_deep-3e312f9cd546e067)
  Executable tests/proptest_expansion_w50.rs (target/debug/deps/proptest_expansion_w50-eb9089e06445a638)
  Executable tests/proptest_w43.rs (target/debug/deps/proptest_w43-1ce1ee72056df95e)
  Executable tests/scan_args_reexport.rs (target/debug/deps/scan_args_reexport-f36a74c5b450d75a)
  Executable tests/schema_output_w53.rs (target/debug/deps/schema_output_w53-d85c1f2a3d70bff9)
  Executable tests/snapshot_deep.rs (target/debug/deps/snapshot_deep-36b1f178c8f5122c)
  Executable tests/snapshot_format_w50.rs (target/debug/deps/snapshot_format_w50-4ea71c601754e654)
  Executable tests/snapshot_golden_w54.rs (target/debug/deps/snapshot_golden_w54-7c9d15f139ee3efb)
  Executable tests/snapshot_w40.rs (target/debug/deps/snapshot_w40-311261cfbeef84f4)
  Executable tests/snapshot_w45.rs (target/debug/deps/snapshot_w45-c8282c9e9fb544e4)
  Executable tests/snapshot_w70.rs (target/debug/deps/snapshot_w70-d8ef2754386a4ae3)
  Executable tests/snapshot_w74.rs (target/debug/deps/snapshot_w74-bab2fe5caee796a4)
  Executable tests/snapshots.rs (target/debug/deps/snapshots-47c2b36136cf3e37)
  Executable unittests src/lib.rs (target/debug/deps/tokmd_fun-87e58767b2d1113d)
  Executable tests/bdd.rs (target/debug/deps/bdd-e35bd170bd1679f7)
  Executable tests/coverage.rs (target/debug/deps/coverage-f218d2fb11d5241f)
  Executable tests/deep.rs (target/debug/deps/deep-3bb58fd625980f6a)
  Executable tests/deep2.rs (target/debug/deps/deep2-b291ce1aa53329a8)
  Executable tests/deep_w42.rs (target/debug/deps/deep_w42-2df11c6cfa69cdae)
  Executable tests/deep_w45.rs (target/debug/deps/deep_w45-18a71585d0234888)
  Executable tests/deep_w69.rs (target/debug/deps/deep_w69-e597e83b2f3d42c4)
  Executable tests/eco_label_w59.rs (target/debug/deps/eco_label_w59-ea3fb7f1a514156d)
  Executable tests/fun_outputs_w54.rs (target/debug/deps/fun_outputs_w54-88e621c5ef3b538c)
  Executable tests/fun_w75.rs (target/debug/deps/fun_w75-dbd2055ecb97a524)
  Executable tests/midi_edge_w59.rs (target/debug/deps/midi_edge_w59-45b394ae068da435)
  Executable tests/mutant_tests.rs (target/debug/deps/mutant_tests-01f52f2582acf21b)
  Executable tests/properties.rs (target/debug/deps/properties-af8c2acb7243db80)
  Executable tests/properties_w59.rs (target/debug/deps/properties_w59-859d7e99bf487b76)
  Executable tests/snapshot_fun.rs (target/debug/deps/snapshot_fun-f56cb4bd81769445)
  Executable tests/snapshot_fun_w50.rs (target/debug/deps/snapshot_fun_w50-6c1d43a2662fd36d)
  Executable tests/snapshot_w40.rs (target/debug/deps/snapshot_w40-a4474e5ed4e6f5ea)
  Executable tests/snapshot_w70.rs (target/debug/deps/snapshot_w70-89c87deb5c3a43b7)
  Executable tests/snapshots.rs (target/debug/deps/snapshots-727455dc2cd22c23)
  Executable unittests src/lib.rs (target/debug/deps/tokmd_gate-173b973fded3640c)
  Executable tests/bdd.rs (target/debug/deps/bdd-2857f92023a192f8)
  Executable tests/deep.rs (target/debug/deps/deep-b9abd76bddc82b44)
  Executable tests/deep_gate_round2_w51.rs (target/debug/deps/deep_gate_round2_w51-6af25193f4a32a44)
  Executable tests/deep_gate_w47.rs (target/debug/deps/deep_gate_w47-e07fb4bdbc3be19a)
  Executable tests/deep_w42.rs (target/debug/deps/deep_w42-a74290be83a83d9e)
  Executable tests/deep_w66.rs (target/debug/deps/deep_w66-65df6653b86a9067)
  Executable tests/edge_cases.rs (target/debug/deps/edge_cases-9747eb979ae8000b)
  Executable tests/error_boundary.rs (target/debug/deps/error_boundary-1da7a6ebd40ce77a)
  Executable tests/error_cases.rs (target/debug/deps/error_cases-efaf97d8868bb905)
  Executable tests/error_handling.rs (target/debug/deps/error_handling-45994073173ce472)
  Executable tests/error_w70.rs (target/debug/deps/error_w70-ce21fb024482c63e)
  Executable tests/fuzz_w73.rs (target/debug/deps/fuzz_w73-fda2b0e5e62cb8c3)
  Executable tests/gate_deep_w64.rs (target/debug/deps/gate_deep_w64-5c0d7573c415f6e7)
  Executable tests/gate_deep_w75.rs (target/debug/deps/gate_deep_w75-426fc1c1bed687e9)
  Executable tests/gate_depth_w57.rs (target/debug/deps/gate_depth_w57-e8d979e6ed47fb50)
  Executable tests/gate_depth_w60.rs (target/debug/deps/gate_depth_w60-8c8f47151cc66646)
  Executable tests/gate_error_handling_w54.rs (target/debug/deps/gate_error_handling_w54-02eebd164b1c7df5)
  Executable tests/integration.rs (target/debug/deps/integration-f4692ed94489a7f4)
  Executable tests/policy_deep.rs (target/debug/deps/policy_deep-6cb4882665d539a6)
  Executable tests/policy_w68.rs (target/debug/deps/policy_w68-99dbdb754bd8c110)
  Executable tests/properties.rs (target/debug/deps/properties-da7bad2933b15550)
  Executable tests/proptest_deep.rs (target/debug/deps/proptest_deep-f8b90b8f3946ad95)
  Executable tests/proptest_expansion_w50.rs (target/debug/deps/proptest_expansion_w50-0f67ca784bcf19db)
  Executable tests/proptest_w72.rs (target/debug/deps/proptest_w72-4ff216ae1138ae2e)
  Executable unittests src/lib.rs (target/debug/deps/tokmd_git-d3d0694bf887b39f)
  Executable tests/bdd.rs (target/debug/deps/bdd-601a383aa87d674c)
  Executable tests/bdd_extended.rs (target/debug/deps/bdd_extended-eba9586ed728e31b)
  Executable tests/boundary_w53.rs (target/debug/deps/boundary_w53-8267440d30208415)
  Executable tests/deep.rs (target/debug/deps/deep-37d8d7ea3344ccda)
  Executable tests/deep_git_w48.rs (target/debug/deps/deep_git_w48-3b5639ec35a580c7)
  Executable tests/deep_w43.rs (target/debug/deps/deep_w43-5262fe2178fd46cb)
  Executable tests/deep_w70.rs (target/debug/deps/deep_w70-dbdcf3fb5d06a126)
  Executable tests/git_contract_w64.rs (target/debug/deps/git_contract_w64-f74c5fbd304b1cf9)
  Executable tests/git_depth_w60.rs (target/debug/deps/git_depth_w60-55ee6231cba05990)
  Executable tests/git_w74.rs (target/debug/deps/git_w74-d6a0a65722d4bbbe)
  Executable tests/integration.rs (target/debug/deps/integration-5a33fa74a34593e0)
  Executable tests/properties.rs (target/debug/deps/properties-2f98f321e524b474)
  Executable unittests src/lib.rs (target/debug/deps/tokmd_io_port-b387d579feca0446)
  Executable tests/deep_w69.rs (target/debug/deps/deep_w69-d5899002b3aec0ec)
  Executable tests/integration_w66.rs (target/debug/deps/integration_w66-58dad7df1a9848f8)
  Executable tests/io_port_deep_w76.rs (target/debug/deps/io_port_deep_w76-49165bb63f79da42)
  Executable tests/memfs_bdd.rs (target/debug/deps/memfs_bdd-e336f1bf3e146f3c)
  Executable tests/properties.rs (target/debug/deps/properties-d2b8a30352ceafd1)
  Executable tests/readfs_contract.rs (target/debug/deps/readfs_contract-29041de149929995)
  Executable unittests src/lib.rs (target/debug/deps/tokmd_math-929fe60514240b86)
  Executable tests/bdd.rs (target/debug/deps/bdd-4734f52dca65031a)
  Executable tests/deep.rs (target/debug/deps/deep-69eeb2680a122d94)
  Executable tests/deep_w69.rs (target/debug/deps/deep_w69-6ea7401b580414da)
  Executable tests/integration.rs (target/debug/deps/integration-6b24cad9aa76e179)
  Executable tests/math_depth_w55.rs (target/debug/deps/math_depth_w55-1de407873b2115ba)
  Executable tests/math_depth_w58.rs (target/debug/deps/math_depth_w58-bcbee2d63cdc9c4c)
  Executable tests/math_depth_w62.rs (target/debug/deps/math_depth_w62-7695e6f621d5455f)
  Executable tests/mutation_w72.rs (target/debug/deps/mutation_w72-745e78eb9ef890f4)
  Executable tests/numerical_stability.rs (target/debug/deps/numerical_stability-9c09e8e827285584)
  Executable tests/properties.rs (target/debug/deps/properties-4fd90a0a570bc5db)
  Executable tests/property_w59.rs (target/debug/deps/property_w59-a33ed5f674d9bce4)
  Executable tests/statistical_edge_cases.rs (target/debug/deps/statistical_edge_cases-771b119c27e8481e)
  Executable tests/stats_edge_w59.rs (target/debug/deps/stats_edge_w59-3ab699fa065abc27)
  Executable unittests src/lib.rs (target/debug/deps/tokmd_model-b51e1f0ee1f9ed4d)
  Executable tests/bdd.rs (target/debug/deps/bdd-40a3e84b14931d34)
  Executable tests/bdd_expanded.rs (target/debug/deps/bdd_expanded-27f7b56583d45d9d)
  Executable tests/deep.rs (target/debug/deps/deep-d5725f4344419087)
  Executable tests/deep_model_w49.rs (target/debug/deps/deep_model_w49-3cf675c8fd545e35)
  Executable tests/deep_w38.rs (target/debug/deps/deep_w38-147e9d6f4082b0d4)
  Executable tests/deep_w67.rs (target/debug/deps/deep_w67-ffdbf9ff22d62098)
  Executable tests/determinism_w40.rs (target/debug/deps/determinism_w40-776d9619f1f8e9be)
  Executable tests/determinism_w66.rs (target/debug/deps/determinism_w66-c10da7a9e5b210bc)
  Executable tests/edge_cases_w50.rs (target/debug/deps/edge_cases_w50-61db796e283d1ee5)
  Executable tests/feature_stability_w53.rs (target/debug/deps/feature_stability_w53-1ad40aeb0fac544f)
  Executable tests/from_rows_api_w78.rs (target/debug/deps/from_rows_api_w78-85ddb291b7776ac9)
  Executable tests/in_memory_rows_w82.rs (target/debug/deps/in_memory_rows_w82-813e64112d219680)
  Executable tests/model_depth_w58.rs (target/debug/deps/model_depth_w58-d39e7a99275f42d4)
  Executable tests/model_depth_w63.rs (target/debug/deps/model_depth_w63-079d5785a33a0318)
  Executable tests/model_error_handling_w54.rs (target/debug/deps/model_error_handling_w54-c2681b82cefacba9)
  Executable tests/model_tests.rs (target/debug/deps/model_tests-715ced85938b86c7)
  Executable tests/mutation_coverage_w50.rs (target/debug/deps/mutation_coverage_w50-043117d7c45f98b0)
  Executable tests/properties.rs (target/debug/deps/properties-32b6d2851bfb7bc5)
  Executable tests/proptest_deep.rs (target/debug/deps/proptest_deep-c2a5fb75a9b55f5f)
  Executable tests/proptest_w42.rs (target/debug/deps/proptest_w42-3c68758a4c0a9be5)
  Executable tests/proptest_w72.rs (target/debug/deps/proptest_w72-500822281b4c707b)
  Executable tests/snapshots.rs (target/debug/deps/snapshots-7924ec52cb702230)
  Executable unittests src/lib.rs (target/debug/deps/tokmd_module_key-eff70156f3a75375)
  Executable tests/bdd_module_key.rs (target/debug/deps/bdd_module_key-329fa274082d644a)
  Executable tests/deep.rs (target/debug/deps/deep-e3e16508aa841511)
  Executable tests/deep_edge_cases.rs (target/debug/deps/deep_edge_cases-e732a8c3c10e52ef)
  Executable tests/derivation_w59.rs (target/debug/deps/derivation_w59-11b3234f29379438)
  Executable tests/integration.rs (target/debug/deps/integration-f417436896534eaa)
  Executable tests/modkey_depth_w62.rs (target/debug/deps/modkey_depth_w62-84f5f08774a9a4c2)
  Executable tests/module_key_edge_cases_w54.rs (target/debug/deps/module_key_edge_cases_w54-77e2589aae0d5d87)
  Executable tests/modulekey_deep_w75.rs (target/debug/deps/modulekey_deep_w75-bfaa1d227cb931b8)
  Executable tests/modulekey_depth_w57.rs (target/debug/deps/modulekey_depth_w57-8c760c5316129cfd)
  Executable tests/properties.rs (target/debug/deps/properties-1d967de3e8af9f5f)
  Executable tests/properties_w59.rs (target/debug/deps/properties_w59-0f8ef280638f7131)
  Executable unittests src/lib.rs (target/debug/deps/tokmd_node-fa31ead6ae7ed5d4)
  Executable unittests src/lib.rs (target/debug/deps/tokmd_path-25da7379f68156ef)
  Executable tests/bdd.rs (target/debug/deps/bdd-68d9c86af1f555da)
  Executable tests/deep.rs (target/debug/deps/deep-78f602599725171c)
  Executable tests/deep_w38.rs (target/debug/deps/deep_w38-100b6aad62e0b6c1)
  Executable tests/deep_w69.rs (target/debug/deps/deep_w69-520955b1dadd0e28)
  Executable tests/determinism_w66.rs (target/debug/deps/determinism_w66-4934b417d0b4a637)
  Executable tests/mutation_w72.rs (target/debug/deps/mutation_w72-207a584d241780a4)
  Executable tests/normalization_hardening.rs (target/debug/deps/normalization_hardening-c51ce9ddb0b299ab)
  Executable tests/normalize_w59.rs (target/debug/deps/normalize_w59-0b2bbef3290d8ded)
  Executable tests/path_deep_w75.rs (target/debug/deps/path_deep_w75-02c2b74e2edeabcc)
  Executable tests/path_depth_w57.rs (target/debug/deps/path_depth_w57-ecf70e08b0054c1a)
  Executable tests/path_depth_w62.rs (target/debug/deps/path_depth_w62-bf1bfffd4ba43636)
  Executable tests/path_edge_cases_w54.rs (target/debug/deps/path_edge_cases_w54-7780a30636078108)
  Executable tests/properties.rs (target/debug/deps/properties-50ee251181db3840)
  Executable tests/property_w59.rs (target/debug/deps/property_w59-865c2ae9474df1cf)
  Executable unittests src/lib.rs (target/debug/deps/tokmd_progress-44bdb5ddf26cad25)
  Executable tests/bdd.rs (target/debug/deps/bdd-7008ac7245a215a1)
  Executable tests/coverage.rs (target/debug/deps/coverage-54ef492f27408f1d)
  Executable tests/deep.rs (target/debug/deps/deep-a396dd51e4fa713c)
  Executable tests/deep_progress_w49.rs (target/debug/deps/deep_progress_w49-4ebabe015c19c1db)
  Executable tests/deep_w39.rs (target/debug/deps/deep_w39-d399fa41b76726e6)
  Executable tests/deep_w67.rs (target/debug/deps/deep_w67-03b6ae6ce088f640)
  Executable tests/integration.rs (target/debug/deps/integration-78d028a8351f5ed8)
  Executable tests/noop_w59.rs (target/debug/deps/noop_w59-27253a1782c1cb1b)
  Executable tests/progress_deep_w76.rs (target/debug/deps/progress_deep_w76-84b276c9792210db)
  Executable tests/progress_depth_w55.rs (target/debug/deps/progress_depth_w55-377f6ef7d2bf5b28)
  Executable tests/progress_depth_w62.rs (target/debug/deps/progress_depth_w62-e90a0419c22f5a1d)
  Executable tests/proptest_w56.rs (target/debug/deps/proptest_w56-8248343122e2c5e4)
  Executable tests/proptest_w59.rs (target/debug/deps/proptest_w59-e3fb3950851dca0c)
  Executable tests/unit.rs (target/debug/deps/unit-bf4adfd6b01be7e1)
  Executable unittests src/lib.rs (target/debug/deps/tokmd_redact-fe3e93a718ad90f5)
  Executable tests/bdd.rs (target/debug/deps/bdd-ab1e8806af597518)
  Executable tests/bdd_expansion.rs (target/debug/deps/bdd_expansion-1e23845f523bf9ad)
  Executable tests/deep.rs (target/debug/deps/deep-cbff9a22e4493d62)
  Executable tests/deep_redact_w48.rs (target/debug/deps/deep_redact_w48-5acd54f78defda5c)
  Executable tests/deep_w39.rs (target/debug/deps/deep_w39-9befd016e36d5261)
  Executable tests/determinism_w66.rs (target/debug/deps/determinism_w66-bd34d5d0a9241112)
  Executable tests/edge_cases_w50.rs (target/debug/deps/edge_cases_w50-00ee7a5a5d123bd5)
  Executable tests/fuzz_w73.rs (target/debug/deps/fuzz_w73-ae0c001c59f23f4a)
  Executable tests/mutation_coverage_w50.rs (target/debug/deps/mutation_coverage_w50-ddea0e6e4b6b0c44)
  Executable tests/mutation_w72.rs (target/debug/deps/mutation_w72-9d51158fe965ad6e)
  Executable tests/properties.rs (target/debug/deps/properties-49b9829e8a638e2e)
  Executable tests/proptest_deep.rs (target/debug/deps/proptest_deep-47382b4dc6abda03)
  Executable tests/proptest_deep2.rs (target/debug/deps/proptest_deep2-a45bdb344cd29602)
  Executable tests/proptest_w42.rs (target/debug/deps/proptest_w42-8c81b82952a0cd6c)
  Executable tests/redact_deep_w75.rs (target/debug/deps/redact_deep_w75-b87defab86084448)
  Executable tests/redact_depth_w63.rs (target/debug/deps/redact_depth_w63-518923943e46a624)
  Executable tests/redact_edge_cases_w54.rs (target/debug/deps/redact_edge_cases_w54-4ec833e43e13c255)
  Executable unittests src/lib.rs (target/debug/deps/tokmd_scan-f32f198d55cfaf75)
  Executable tests/bdd.rs (target/debug/deps/bdd-26ef67aad4171f43)
  Executable tests/bdd_expanded.rs (target/debug/deps/bdd_expanded-4e77e25c46d04560)
  Executable tests/deep.rs (target/debug/deps/deep-e229b8d0bf161465)
  Executable tests/deep_scan_w49.rs (target/debug/deps/deep_scan_w49-2524c1fa5c153ac5)
  Executable tests/deep_w39.rs (target/debug/deps/deep_w39-4c57e0501f5051eb)
  Executable tests/deep_w67.rs (target/debug/deps/deep_w67-dc43fb9a46387f5d)
  Executable tests/edge_cases_w50.rs (target/debug/deps/edge_cases_w50-fcf4518419699790)
  Executable tests/error_boundary.rs (target/debug/deps/error_boundary-056d94e3991e0281)
  Executable tests/error_cases.rs (target/debug/deps/error_cases-aa4c312ce6c2ff2c)
  Executable tests/error_edge_w73.rs (target/debug/deps/error_edge_w73-e8cf8520f7894e2d)
  Executable tests/error_handling.rs (target/debug/deps/error_handling-b8402f2a4fd2ad07)
  Executable tests/in_memory_w80.rs (target/debug/deps/in_memory_w80-c61f429f184ce003)
  Executable tests/integration_w73.rs (target/debug/deps/integration_w73-19c21f33933a9d86)
  Executable tests/mutation_coverage_w50.rs (target/debug/deps/mutation_coverage_w50-6f8a53aa3d2f7d4d)
  Executable tests/properties.rs (target/debug/deps/properties-048f223f6bc4c6d6)
  Executable tests/proptest_w42.rs (target/debug/deps/proptest_w42-7c90cdb205346ce3)
  Executable tests/proptest_w72.rs (target/debug/deps/proptest_w72-aad8439d3f902055)
  Executable tests/scan_contract_w64.rs (target/debug/deps/scan_contract_w64-e7155e0366510d03)
  Executable tests/scan_depth_w58.rs (target/debug/deps/scan_depth_w58-260d8f72ce0ad864)
  Executable tests/scan_depth_w63.rs (target/debug/deps/scan_depth_w63-10f3d238606d07cb)
  Executable tests/scan_error_handling_w54.rs (target/debug/deps/scan_error_handling_w54-112ffe9bcfee7bf0)
  Executable unittests src/lib.rs (target/debug/deps/tokmd_scan_args-dedb2853ac177297)
  Executable tests/bdd_edge_cases.rs (target/debug/deps/bdd_edge_cases-2556ae73eae49364)
  Executable tests/bdd_scan_args.rs (target/debug/deps/bdd_scan_args-913ea9f2759924e3)
  Executable tests/construction_w59.rs (target/debug/deps/construction_w59-9990354130678ef0)
  Executable tests/deep.rs (target/debug/deps/deep-dfb9c1551b8ee8b0)
  Executable tests/deep_scanargs_round2_w51.rs (target/debug/deps/deep_scanargs_round2_w51-59fd597a327f0c33)
  Executable tests/deep_scanargs_w47.rs (target/debug/deps/deep_scanargs_w47-3f3fc3bc6d8bff70)
  Executable tests/deep_w43.rs (target/debug/deps/deep_w43-088c2ada0875d4a9)
  Executable tests/deep_w69.rs (target/debug/deps/deep_w69-98973bc05085b840)
  Executable tests/properties.rs (target/debug/deps/properties-b98b8fbadc151904)
  Executable tests/properties_extended.rs (target/debug/deps/properties_extended-f838e70921331c55)
  Executable tests/properties_w59.rs (target/debug/deps/properties_w59-694770bafa8a32bd)
  Executable tests/proptest_deep.rs (target/debug/deps/proptest_deep-e5f01a4e3691cb96)
  Executable tests/proptest_w40.rs (target/debug/deps/proptest_w40-bcaea1f8f9df205f)
  Executable tests/scan_args_deep_w76.rs (target/debug/deps/scan_args_deep_w76-32293536e0c469e7)
  Executable tests/scan_args_depth_w56.rs (target/debug/deps/scan_args_depth_w56-4032d2716ffaa9d8)
  Executable tests/scanargs_depth_w63.rs (target/debug/deps/scanargs_depth_w63-8653744f2cff924f)
  Executable unittests src/lib.rs (target/debug/deps/tokmd_sensor-65ce9959ebb7bd7f)
  Executable tests/bdd.rs (target/debug/deps/bdd-a06e9780d163b581)
  Executable tests/bdd_capabilities.rs (target/debug/deps/bdd_capabilities-ab58de09a6c2f307)
  Executable tests/deep2.rs (target/debug/deps/deep2-ba99d3d440e2162c)
  Executable tests/deep_sensor_round2_w52.rs (target/debug/deps/deep_sensor_round2_w52-84c58ba10466f95b)
  Executable tests/deep_sensor_w48.rs (target/debug/deps/deep_sensor_w48-85f4e84ff3618f4d)
  Executable tests/deep_w67.rs (target/debug/deps/deep_w67-f43d96556480e20c)
  Executable tests/integration.rs (target/debug/deps/integration-1802fbf1a8b11705)
  Executable tests/properties.rs (target/debug/deps/properties-6559aaae12ca99ad)
  Executable tests/properties_extended.rs (target/debug/deps/properties_extended-885b52b840ccb1d9)
  Executable tests/proptest_w56.rs (target/debug/deps/proptest_w56-74e12d4c3a417e5a)
  Executable tests/proptest_w59.rs (target/debug/deps/proptest_w59-4e87dfe5a3ad0ce4)
  Executable tests/sensor_depth_w56.rs (target/debug/deps/sensor_depth_w56-40f72fb6b6f330ef)
  Executable tests/sensor_depth_w63.rs (target/debug/deps/sensor_depth_w63-d97f95df055e55b6)
  Executable tests/sensor_w74.rs (target/debug/deps/sensor_w74-a973f5de24e6e594)
  Executable tests/trait_depth_w59.rs (target/debug/deps/trait_depth_w59-4e9e755020a88cc8)
  Executable unittests src/lib.rs (target/debug/deps/tokmd_settings-ea5a51d4688b6e4b)
  Executable tests/bdd.rs (target/debug/deps/bdd-fbd1c191ea8f5d69)
  Executable tests/coverage_expansion.rs (target/debug/deps/coverage_expansion-70052b1c05fb2919)
  Executable tests/deep.rs (target/debug/deps/deep-c2f71924fa67907c)
  Executable tests/deep_settings_w49.rs (target/debug/deps/deep_settings_w49-1eae5cb2fb0ac60c)
  Executable tests/deep_w39.rs (target/debug/deps/deep_w39-6ddcf67744df0e67)
  Executable tests/deep_w43.rs (target/debug/deps/deep_w43-607814164c7531e6)
  Executable tests/exhaustive_w72.rs (target/debug/deps/exhaustive_w72-75e736e24e43c08e)
  Executable tests/feature_stability_w53.rs (target/debug/deps/feature_stability_w53-1782b940a9786d12)
  Executable tests/properties.rs (target/debug/deps/properties-f081215df3671f33)
  Executable tests/proptest_w69.rs (target/debug/deps/proptest_w69-2e313d6263216610)
  Executable tests/settings_compat.rs (target/debug/deps/settings_compat-3064bdbe902c801a)
  Executable tests/settings_contract_w64.rs (target/debug/deps/settings_contract_w64-850ec506346dc153)
  Executable tests/settings_deep_w75.rs (target/debug/deps/settings_deep_w75-8512051564ada23a)
  Executable tests/settings_depth_w58.rs (target/debug/deps/settings_depth_w58-66e646bb20955602)
  Executable tests/settings_depth_w61.rs (target/debug/deps/settings_depth_w61-1ed772e089c4e357)
  Executable unittests src/lib.rs (target/debug/deps/tokmd_substrate-c058b2c8eb90b012)
  Executable tests/bdd.rs (target/debug/deps/bdd-06b46ea244c3feee)
  Executable tests/contract_expansion.rs (target/debug/deps/contract_expansion-fa2fdcbde0f0c287)
  Executable tests/deep.rs (target/debug/deps/deep-4e08cbb652f56a50)
  Executable tests/deep2.rs (target/debug/deps/deep2-f9e42d85e0d208f6)
  Executable tests/deep_substrate_round2_w52.rs (target/debug/deps/deep_substrate_round2_w52-7a6db01af1da1807)
  Executable tests/deep_substrate_w48.rs (target/debug/deps/deep_substrate_w48-e30c048047cac611)
  Executable tests/deep_w39.rs (target/debug/deps/deep_w39-540723f84f3426d4)
  Executable tests/deep_w67.rs (target/debug/deps/deep_w67-509ede2be2f3cb3b)
  Executable tests/properties.rs (target/debug/deps/properties-28e5965a89cd9244)
  Executable tests/proptest_w53.rs (target/debug/deps/proptest_w53-0ce4addcb99ea122)
  Executable tests/proptest_w59.rs (target/debug/deps/proptest_w59-7883ab52867e806a)
  Executable tests/substrate_depth_w58.rs (target/debug/deps/substrate_depth_w58-94cf4267fb100695)
  Executable tests/substrate_depth_w59.rs (target/debug/deps/substrate_depth_w59-421220697fb6ef33)
  Executable tests/substrate_depth_w63.rs (target/debug/deps/substrate_depth_w63-12030a3afb04db23)
  Executable tests/substrate_w74.rs (target/debug/deps/substrate_w74-5bb9a57149a9165f)
  Executable unittests src/lib.rs (target/debug/deps/tokmd_tokeignore-e427e49c343818d4)
  Executable tests/bdd.rs (target/debug/deps/bdd-39463f9e4fdf62ce)
  Executable tests/deep.rs (target/debug/deps/deep-337300a97c4c9f00)
  Executable tests/deep2.rs (target/debug/deps/deep2-ebe0d9dae2b4cbe1)
  Executable tests/deep_tokeignore_w49.rs (target/debug/deps/deep_tokeignore_w49-0f3c3fd2ad6404d3)
  Executable tests/deep_w38.rs (target/debug/deps/deep_w38-4c0ea6325be44e5a)
  Executable tests/deep_w67.rs (target/debug/deps/deep_w67-3ca1036777b09b61)
  Executable tests/init.rs (target/debug/deps/init-86b97bd4d006d4c6)
  Executable tests/properties.rs (target/debug/deps/properties-641b531b381e13df)
  Executable tests/snapshot_templates.rs (target/debug/deps/snapshot_templates-07cf4896083721ee)
  Executable tests/snapshots.rs (target/debug/deps/snapshots-0475dd0e6f977747)
  Executable tests/tokeignore_deep_w76.rs (target/debug/deps/tokeignore_deep_w76-910450da4e5dee3e)
  Executable tests/tokeignore_depth_w56.rs (target/debug/deps/tokeignore_depth_w56-262c435e46f9b446)
  Executable tests/tokeignore_depth_w63.rs (target/debug/deps/tokeignore_depth_w63-5ca431770b6ca26a)
  Executable unittests src/lib.rs (target/debug/deps/tokmd_tool_schema-474a4ca70eb44c54)
  Executable tests/bdd.rs (target/debug/deps/bdd-95f87ccb5fe613ab)
  Executable tests/coverage.rs (target/debug/deps/coverage-a9dced89af1ee2d3)
  Executable tests/deep.rs (target/debug/deps/deep-3e6fb13a829ee8cb)
  Executable tests/deep_toolschema_w47.rs (target/debug/deps/deep_toolschema_w47-4d2a7dcf7a3a412f)
  Executable tests/deep_w39.rs (target/debug/deps/deep_w39-539f006147f749c6)
  Executable tests/deep_w43.rs (target/debug/deps/deep_w43-eb1b1f01160cd994)
  Executable tests/deep_w69.rs (target/debug/deps/deep_w69-af99d4637c0ae263)
  Executable tests/depth_and_determinism.rs (target/debug/deps/depth_and_determinism-979cd4c84df94fb6)
  Executable tests/schema_gen_w74.rs (target/debug/deps/schema_gen_w74-9edeab77a15ce02d)
  Executable tests/snapshots.rs (target/debug/deps/snapshots-85857baac82cecad)
  Executable tests/tool_schema_depth_w56.rs (target/debug/deps/tool_schema_depth_w56-a30dbb6332e9dfc5)
  Executable tests/toolschema_contract_w65.rs (target/debug/deps/toolschema_contract_w65-14e6f67a64d4fadf)
  Executable tests/toolschema_depth_w62.rs (target/debug/deps/toolschema_depth_w62-3244875a1ba3a5ea)
  Executable tests/unit.rs (target/debug/deps/unit-dc388d83364db27f)
  Executable unittests src/lib.rs (target/debug/deps/tokmd_types-629d2dcbc5b0c6cf)
  Executable tests/bdd.rs (target/debug/deps/bdd-50ce869734e0ab5a)
  Executable tests/bdd_context_handoff.rs (target/debug/deps/bdd_context_handoff-3aabe1ea4523ea67)
  Executable tests/bdd_deep.rs (target/debug/deps/bdd_deep-a2c17a50057fe0e6)
  Executable tests/cockpit_tests.rs (target/debug/deps/cockpit_tests-4b136434312730cc)
  Executable tests/context_handoff_deep.rs (target/debug/deps/context_handoff_deep-91a923cd6bf3ec44)
  Executable tests/context_types_w73.rs (target/debug/deps/context_types_w73-46281caa5e885df5)
  Executable tests/context_w42.rs (target/debug/deps/context_w42-894430d726f4b3bd)
  Executable tests/contract_expansion.rs (target/debug/deps/contract_expansion-b153c14b9f5a2e79)
  Executable tests/deep_context_types_w47.rs (target/debug/deps/deep_context_types_w47-1172e82d1dc7983f)
  Executable tests/deep_types_w49.rs (target/debug/deps/deep_types_w49-2a76ad06a11c9ccf)
  Executable tests/deep_w38.rs (target/debug/deps/deep_w38-02c96536c48cf2be)
  Executable tests/determinism_props.rs (target/debug/deps/determinism_props-5a78f502e00eb7ed)
  Executable tests/determinism_proptest.rs (target/debug/deps/determinism_proptest-32b070f898a8a6dc)
  Executable tests/determinism_w66.rs (target/debug/deps/determinism_w66-b8f6678e22217e83)
  Executable tests/edge_cases_w50.rs (target/debug/deps/edge_cases_w50-925dcf10548ccae6)
  Executable tests/exhaustive_w72.rs (target/debug/deps/exhaustive_w72-b7549ca9e687a0f2)
  Executable tests/feature_stability_w53.rs (target/debug/deps/feature_stability_w53-383b88c80b328f89)
  Executable tests/handoff_context_deep.rs (target/debug/deps/handoff_context_deep-d787395d937555a2)
  Executable tests/handoff_tests.rs (target/debug/deps/handoff_tests-4ba95d6c7ee73b55)
  Executable tests/mutation_coverage_w50.rs (target/debug/deps/mutation_coverage_w50-231a2d844739e338)
  Executable tests/properties.rs (target/debug/deps/properties-5add05869ecbe4dc)
  Executable tests/proptest_deep.rs (target/debug/deps/proptest_deep-5dcd0c755014df1a)
  Executable tests/proptest_deep2.rs (target/debug/deps/proptest_deep2-258aa1756936dffa)
  Executable tests/proptest_w43.rs (target/debug/deps/proptest_w43-45364ac5d61254b1)
  Executable tests/proptest_w69.rs (target/debug/deps/proptest_w69-d2ca22a560674316)
  Executable tests/schema_compliance_w53.rs (target/debug/deps/schema_compliance_w53-3d19452a486149dc)
  Executable tests/schema_contract.rs (target/debug/deps/schema_contract-6d67a77591ba4508)
  Executable tests/schema_contract_w66.rs (target/debug/deps/schema_contract_w66-328a31c44d3cd40d)
  Executable tests/schema_doc_sync.rs (target/debug/deps/schema_doc_sync-867ecee5ad7278a1)
  Executable tests/schema_validation.rs (target/debug/deps/schema_validation-e6070802ef2cdcff)
  Executable tests/serde_compat.rs (target/debug/deps/serde_compat-cef31b698a219f92)
  Executable tests/serde_compat_v2.rs (target/debug/deps/serde_compat_v2-52aecb89f50c661a)
  Executable tests/snapshots.rs (target/debug/deps/snapshots-46c7200fb860729d)
  Executable tests/types_contract_w64.rs (target/debug/deps/types_contract_w64-227611ae5753282f)
  Executable unittests src/lib.rs (target/debug/deps/tokmd_walk-b42befdd015c16b3)
  Executable tests/bdd.rs (target/debug/deps/bdd-be6c32c5dc7ad070)
  Executable tests/bdd_extended.rs (target/debug/deps/bdd_extended-fdc9bb754ea47555)
  Executable tests/boundary_w53.rs (target/debug/deps/boundary_w53-b6787d702d32eb9c)
  Executable tests/deep.rs (target/debug/deps/deep-ee963654ad40e01b)
  Executable tests/deep_w38.rs (target/debug/deps/deep_w38-141f51e4e6947a11)
  Executable tests/deep_w43.rs (target/debug/deps/deep_w43-97fd39d36c1762c3)
  Executable tests/deep_w69.rs (target/debug/deps/deep_w69-4eeec5df43ced363)
  Executable tests/deep_walk_w48.rs (target/debug/deps/deep_walk_w48-d0b77ce9359cfb76)
  Executable tests/memfs_api_w79.rs (target/debug/deps/memfs_api_w79-dfd2a46dafb64e05)
  Executable tests/properties.rs (target/debug/deps/properties-3461818613480494)
  Executable tests/properties_traversal.rs (target/debug/deps/properties_traversal-1ed60fd5eeca23d0)
  Executable tests/walk.rs (target/debug/deps/walk-a43f12bb8d172ac6)
  Executable tests/walk_contract_w64.rs (target/debug/deps/walk_contract_w64-a5a1081e86a1131d)
  Executable tests/walk_depth_w58.rs (target/debug/deps/walk_depth_w58-47288a3d682cbcff)
  Executable tests/walk_depth_w63.rs (target/debug/deps/walk_depth_w63-edd03e462eea2471)
  Executable tests/walk_w74.rs (target/debug/deps/walk_w74-ceae7b2c7bb90dcc)
  Executable unittests src/lib.rs (target/debug/deps/tokmd_wasm-243a04232c89c074)
  Executable unittests src/main.rs (target/debug/deps/xtask-90d8732cd0c566ef)
  Executable tests/deep_w43.rs (target/debug/deps/deep_w43-22180efeadfce4ab)
  Executable tests/deep_w71.rs (target/debug/deps/deep_w71-e64dc65d660a8c53)
  Executable tests/deep_xtask_w52.rs (target/debug/deps/deep_xtask_w52-d22937c2f46a3c26)
  Executable tests/docs_schema_w72.rs (target/debug/deps/docs_schema_w72-e82e9037d3a35f55)
  Executable tests/docs_w43.rs (target/debug/deps/docs_w43-3a352d8f45cab678)
  Executable tests/publish_w71.rs (target/debug/deps/publish_w71-27705502c695d469)
  Executable tests/xtask_contract_w65.rs (target/debug/deps/xtask_contract_w65-704cedc4b8c2dd3a)
  Executable tests/xtask_deep_w74.rs (target/debug/deps/xtask_deep_w74-256c246849c4b1c7)
   ✅ Step 4 (test (compile-only)) passed

gate result: 4/4 steps passed
